Using pre-set license
Built from '2021.3/staging' branch; Version is '2021.3.23f1 (213b516bf396) revision 2177873'; Using compiler version '192829333'; Build Type 'Release'
OS: 'Windows 10  (10.0.19045) 64bit Professional' Language: 'tr' Physical Memory: 24379 MB
BatchMode: 1, IsHumanControllingUs: 0, StartBugReporterOnCrash: 0, Is64bit: 1, IsPro: 1

COMMAND LINE ARGUMENTS:
D:\UnityEditors\2021.3.23f1\Editor\Unity.exe
-adb2
-batchMode
-noUpm
-name
AssetImportWorker0
-projectPath
D:/Projeler/UnityProjects/NasaApp
-logFile
Logs/AssetImportWorker0.log
-srvPort
63327
Successfully changed project path to: D:/Projeler/UnityProjects/NasaApp
D:/Projeler/UnityProjects/NasaApp
[UnityMemory] Configuration Parameters - Can be set up in boot.config
    "memorysetup-bucket-allocator-granularity=16"
    "memorysetup-bucket-allocator-bucket-count=8"
    "memorysetup-bucket-allocator-block-size=33554432"
    "memorysetup-bucket-allocator-block-count=8"
    "memorysetup-main-allocator-block-size=16777216"
    "memorysetup-thread-allocator-block-size=16777216"
    "memorysetup-gfx-main-allocator-block-size=16777216"
    "memorysetup-gfx-thread-allocator-block-size=16777216"
    "memorysetup-cache-allocator-block-size=4194304"
    "memorysetup-typetree-allocator-block-size=2097152"
    "memorysetup-profiler-bucket-allocator-granularity=16"
    "memorysetup-profiler-bucket-allocator-bucket-count=8"
    "memorysetup-profiler-bucket-allocator-block-size=33554432"
    "memorysetup-profiler-bucket-allocator-block-count=8"
    "memorysetup-profiler-allocator-block-size=16777216"
    "memorysetup-profiler-editor-allocator-block-size=1048576"
    "memorysetup-temp-allocator-size-main=16777216"
    "memorysetup-job-temp-allocator-block-size=2097152"
    "memorysetup-job-temp-allocator-block-size-background=1048576"
    "memorysetup-job-temp-allocator-reduction-small-platforms=262144"
    "memorysetup-temp-allocator-size-background-worker=32768"
    "memorysetup-temp-allocator-size-job-worker=262144"
    "memorysetup-temp-allocator-size-preload-manager=33554432"
    "memorysetup-temp-allocator-size-nav-mesh-worker=65536"
    "memorysetup-temp-allocator-size-audio-worker=65536"
    "memorysetup-temp-allocator-size-cloud-worker=32768"
    "memorysetup-temp-allocator-size-gi-baking-worker=262144"
    "memorysetup-temp-allocator-size-gfx=262144"
Player connection [31488] Host "[IP] 192.168.221.1 [Port] 0 [Flags] 2 [Guid] 3637121088 [EditorId] 3637121088 [Version] 1048832 [Id] WindowsEditor(7,DESKTOP-DJS9K49) [Debug] 1 [PackageName] WindowsEditor [ProjectName] Editor" joined multi-casting on [225.0.0.222:54997]...

Player connection [31488] Host "[IP] 192.168.221.1 [Port] 0 [Flags] 2 [Guid] 3637121088 [EditorId] 3637121088 [Version] 1048832 [Id] WindowsEditor(7,DESKTOP-DJS9K49) [Debug] 1 [PackageName] WindowsEditor [ProjectName] Editor" joined alternative multi-casting on [225.0.0.222:34997]...

Refreshing native plugins compatible for Editor in 162.76 ms, found 10 plugins.
Preloading 0 native plugins for Editor in 0.00 ms.
Initialize engine version: 2021.3.23f1 (213b516bf396)
[Subsystems] Discovering subsystems at path D:/UnityEditors/2021.3.23f1/Editor/Data/Resources/UnitySubsystems
[Subsystems] Discovering subsystems at path D:/Projeler/UnityProjects/NasaApp/Assets
GfxDevice: creating device client; threaded=0; jobified=0
Direct3D:
    Version:  Direct3D 11.0 [level 11.1]
    Renderer: NVIDIA GeForce GTX 1050 (ID=0x1c91)
    Vendor:   NVIDIA
    VRAM:     2995 MB
    Driver:   31.0.15.2824
Initialize mono
Mono path[0] = 'D:/UnityEditors/2021.3.23f1/Editor/Data/Managed'
Mono path[1] = 'D:/UnityEditors/2021.3.23f1/Editor/Data/MonoBleedingEdge/lib/mono/unityjit-win32'
Mono config path = 'D:/UnityEditors/2021.3.23f1/Editor/Data/MonoBleedingEdge/etc'
Using monoOptions --debugger-agent=transport=dt_socket,embedding=1,server=y,suspend=n,address=127.0.0.1:56684
Begin MonoManager ReloadAssembly
Registering precompiled unity dll's ...
Register platform support module: D:/UnityEditors/2021.3.23f1/Editor/Data/PlaybackEngines/MacStandaloneSupport/UnityEditor.OSXStandalone.Extensions.dll
Register platform support module: D:/UnityEditors/2021.3.23f1/Editor/Data/PlaybackEngines/AndroidPlayer/UnityEditor.Android.Extensions.dll
Register platform support module: D:/UnityEditors/2021.3.23f1/Editor/Data/PlaybackEngines/WindowsStandaloneSupport/UnityEditor.WindowsStandalone.Extensions.dll
Registered in 0.005986 seconds.
Native extension for WindowsStandalone target not found
Native extension for Android target not found
Android Extension - Scanning For ADB Devices 413 ms
Native extension for OSXStandalone target not found
Refreshing native plugins compatible for Editor in 141.98 ms, found 10 plugins.
Preloading 0 native plugins for Editor in 0.00 ms.
Mono: successfully reloaded assembly
- Completed reload, in  1.345 seconds
Domain Reload Profiling:
	ReloadAssembly (1346ms)
		BeginReloadAssembly (106ms)
			ExecutionOrderSort (0ms)
			DisableScriptedObjects (0ms)
			BackupInstance (0ms)
			ReleaseScriptingObjects (0ms)
			CreateAndSetChildDomain (1ms)
		EndReloadAssembly (1085ms)
			LoadAssemblies (106ms)
			RebuildTransferFunctionScriptingTraits (0ms)
			SetupTypeCache (166ms)
			ReleaseScriptCaches (0ms)
			RebuildScriptCaches (39ms)
			SetupLoadedEditorAssemblies (804ms)
				LogAssemblyErrors (0ms)
				InitializePlatformSupportModulesInManaged (491ms)
				SetLoadedEditorAssemblies (0ms)
				RefreshPlugins (142ms)
				BeforeProcessingInitializeOnLoad (2ms)
				ProcessInitializeOnLoadAttributes (115ms)
				ProcessInitializeOnLoadMethodAttributes (54ms)
				AfterProcessingInitializeOnLoad (0ms)
				EditorAssembliesLoaded (0ms)
			ExecutionOrderSort2 (0ms)
			AwakeInstancesAfterBackupRestoration (0ms)
Platform modules already initialized, skipping
Registering precompiled user dll's ...
Registered in 0.008544 seconds.
Begin MonoManager ReloadAssembly
Symbol file LoadedFromMemory doesn't match image D:\Projeler\UnityProjects\NasaApp\Library\PackageCache\com.unity.visualscripting@1.8.0\Editor\VisualScripting.Core\Dependencies\DotNetZip\Unity.VisualScripting.IonicZip.dll
Symbol file LoadedFromMemory doesn't match image D:\Projeler\UnityProjects\NasaApp\Library\PackageCache\com.unity.visualscripting@1.8.0\Editor\VisualScripting.Core\Dependencies\YamlDotNet\Unity.VisualScripting.YamlDotNet.dll
Native extension for WindowsStandalone target not found
Native extension for Android target not found
Native extension for OSXStandalone target not found
Refreshing native plugins compatible for Editor in 156.91 ms, found 10 plugins.
Preloading 0 native plugins for Editor in 0.00 ms.
Package Manager log level set to [2]
Mono: successfully reloaded assembly
- Completed reload, in  2.117 seconds
Domain Reload Profiling:
	ReloadAssembly (2118ms)
		BeginReloadAssembly (161ms)
			ExecutionOrderSort (0ms)
			DisableScriptedObjects (8ms)
			BackupInstance (0ms)
			ReleaseScriptingObjects (0ms)
			CreateAndSetChildDomain (30ms)
		EndReloadAssembly (1800ms)
			LoadAssemblies (135ms)
			RebuildTransferFunctionScriptingTraits (0ms)
			SetupTypeCache (473ms)
			ReleaseScriptCaches (1ms)
			RebuildScriptCaches (103ms)
			SetupLoadedEditorAssemblies (1015ms)
				LogAssemblyErrors (0ms)
				InitializePlatformSupportModulesInManaged (25ms)
				SetLoadedEditorAssemblies (0ms)
				RefreshPlugins (157ms)
				BeforeProcessingInitializeOnLoad (144ms)
				ProcessInitializeOnLoadAttributes (630ms)
				ProcessInitializeOnLoadMethodAttributes (52ms)
				AfterProcessingInitializeOnLoad (6ms)
				EditorAssembliesLoaded (0ms)
			ExecutionOrderSort2 (0ms)
			AwakeInstancesAfterBackupRestoration (10ms)
Platform modules already initialized, skipping
========================================================================
Worker process is ready to serve import requests
Launched and connected shader compiler UnityShaderCompiler.exe after 0.10 seconds
Refreshing native plugins compatible for Editor in 1.97 ms, found 10 plugins.
Preloading 0 native plugins for Editor in 0.00 ms.
Unloading 4440 Unused Serialized files (Serialized files now loaded: 0)
Unloading 55 unused Assets / (60.3 KB). Loaded Objects now: 4934.
Memory consumption went from 185.5 MB to 185.4 MB.
Total: 7.622200 ms (FindLiveObjects: 0.478500 ms CreateObjectMapping: 0.418800 ms MarkObjects: 6.506600 ms  DeleteObjects: 0.216800 ms)

AssetImportParameters requested are different than current active one (requested -> active):
  custom:video-decoder-ogg-theora: a1e56fd34408186e4bbccfd4996cb3dc -> 
  custom:container-muxer-webm: aa71ff27fc2769a1b78a27578f13a17b -> 
  custom:container-demuxer-webm: 4f35f7cbe854078d1ac9338744f61a02 -> 
  custom:video-encoder-webm-vp8: eb34c28f22e8b96e1ab97ce403110664 -> 
  custom:audio-encoder-webm-vorbis: bf7c407c2cedff20999df2af8eb42d56 -> 
  custom:framework-win-MediaFoundation: 216162199b28c13a410421893ffa2e32 -> 
  custom:container-demuxer-ogg: 62fdf1f143b41e24485cea50d1cbac27 -> 
  custom:video-decoder-webm-vp8: 9c59270c3fd7afecdb556c50c9e8de78 -> 
  custom:audio-decoder-ogg-vorbis: bf7c407c2cedff20999df2af8eb42d56 -> 
========================================================================
Received Import Request.
  Time since last request: 70880.166642 seconds.
  path: Assets/Scenes/Assets.unity
  artifactKey: Guid(6d092fd61cae8415b8407b682cf34bcd) Importer(815301076,1909f56bfc062723c751e8b465ee728b)
Start importing Assets/Scenes/Assets.unity using Guid(6d092fd61cae8415b8407b682cf34bcd) Importer(815301076,1909f56bfc062723c751e8b465ee728b)  -> (artifact id: 'bf263a3e95bed861b2c29e05859ac35a') in 0.017789 seconds 
========================================================================
Received Import Request.
  Time since last request: 9.612907 seconds.
  path: Assets/Packages/SolarPanel/Assets/Textures/StructureMetal/StructureMetalHeightMap.png
  artifactKey: Guid(369f1a5e190826b41acba5bbd39926bd) Importer(815301076,1909f56bfc062723c751e8b465ee728b)
Start importing Assets/Packages/SolarPanel/Assets/Textures/StructureMetal/StructureMetalHeightMap.png using Guid(369f1a5e190826b41acba5bbd39926bd) Importer(815301076,1909f56bfc062723c751e8b465ee728b)  -> (artifact id: '79fd69062f0106fdb9aefb23941536d9') in 0.139917 seconds 
========================================================================
Received Import Request.
  Time since last request: 0.000032 seconds.
  path: Assets/Packages/Overwound Mars Pack/DemoScenes/PodSceneSettings.lighting
  artifactKey: Guid(a1c4aeea752abe1d598162428788342e) Importer(815301076,1909f56bfc062723c751e8b465ee728b)
Start importing Assets/Packages/Overwound Mars Pack/DemoScenes/PodSceneSettings.lighting using Guid(a1c4aeea752abe1d598162428788342e) Importer(815301076,1909f56bfc062723c751e8b465ee728b)  -> (artifact id: 'f9b0ec4caaae7f4f896696a79c64a8d4') in 0.011441 seconds 
========================================================================
Received Import Request.
  Time since last request: 0.000418 seconds.
  path: Assets/Packages/Overwound Mars Pack/Materials/PodMaterial.mat
  artifactKey: Guid(402bc874aae6dca40be7877359369880) Importer(815301076,1909f56bfc062723c751e8b465ee728b)
Start importing Assets/Packages/Overwound Mars Pack/Materials/PodMaterial.mat using Guid(402bc874aae6dca40be7877359369880) Importer(815301076,1909f56bfc062723c751e8b465ee728b)  -> (artifact id: 'dd759fd2a673563709c04504b8d74377') in 0.194914 seconds 
========================================================================
Received Import Request.
  Time since last request: 0.000022 seconds.
  path: Assets/Packages/Industrial Tanks/Round Tanks/Textures/1K_Round_Tank_TXTR.tif
  artifactKey: Guid(dd24cabf46a47f04aa5600db4e50cc20) Importer(815301076,1909f56bfc062723c751e8b465ee728b)
Start importing Assets/Packages/Industrial Tanks/Round Tanks/Textures/1K_Round_Tank_TXTR.tif using Guid(dd24cabf46a47f04aa5600db4e50cc20) Importer(815301076,1909f56bfc062723c751e8b465ee728b)  -> (artifact id: '46e0347c92d79f94550b6b8afa6655fd') in 0.018297 seconds 
========================================================================
Received Import Request.
  Time since last request: 0.000022 seconds.
  path: Assets/Packages/SolarPanel/Assets/Model/SolarPanel.fbx
  artifactKey: Guid(c01c7eeb58a30ef43977fe82335cdba6) Importer(815301076,1909f56bfc062723c751e8b465ee728b)
Start importing Assets/Packages/SolarPanel/Assets/Model/SolarPanel.fbx using Guid(c01c7eeb58a30ef43977fe82335cdba6) Importer(815301076,1909f56bfc062723c751e8b465ee728b)  -> (artifact id: '43bb5b328404a840cc2c3a49cb72031e') in 0.377571 seconds 
========================================================================
Received Import Request.
  Time since last request: 0.000037 seconds.
  path: Assets/Packages/Titanium-Fighter/Texturas/t-fighter_specular.png
  artifactKey: Guid(e782c9c2af2ff7049848ef5f38bd8b6b) Importer(815301076,1909f56bfc062723c751e8b465ee728b)
Start importing Assets/Packages/Titanium-Fighter/Texturas/t-fighter_specular.png using Guid(e782c9c2af2ff7049848ef5f38bd8b6b) Importer(815301076,1909f56bfc062723c751e8b465ee728b)  -> (artifact id: '27424b80ee6cdefdbacc5a4ce957c056') in 0.018471 seconds 
========================================================================
Received Import Request.
  Time since last request: 0.000019 seconds.
  path: Assets/Packages/Industrial Tanks/Round Tanks/Materials/1K_Steps_Pipes_Round_TankTXTR.mat
  artifactKey: Guid(8d88f3bf653305647809447a94ee9fc4) Importer(815301076,1909f56bfc062723c751e8b465ee728b)
Start importing Assets/Packages/Industrial Tanks/Round Tanks/Materials/1K_Steps_Pipes_Round_TankTXTR.mat using Guid(8d88f3bf653305647809447a94ee9fc4) Importer(815301076,1909f56bfc062723c751e8b465ee728b)  -> (artifact id: 'a508a02acbc0312c074319ad23000da9') in 0.079092 seconds 
========================================================================
Received Import Request.
  Time since last request: 0.000018 seconds.
  path: Assets/Packages/_DLNK/HeavyMachinery/Prefab/HeavyMachinery.prefab
  artifactKey: Guid(aeb617f191f9a6440b4a6a3598b176cf) Importer(815301076,1909f56bfc062723c751e8b465ee728b)
Start importing Assets/Packages/_DLNK/HeavyMachinery/Prefab/HeavyMachinery.prefab using Guid(aeb617f191f9a6440b4a6a3598b176cf) Importer(815301076,1909f56bfc062723c751e8b465ee728b)  -> (artifact id: '423e8ba681ae03111817b8b7698f50fb') in 0.214468 seconds 
========================================================================
Received Import Request.
  Time since last request: 0.000022 seconds.
  path: Assets/Packages/_DLNK/HeavyMachinery/Source/textures/heavyMachine_lights2.jpg
  artifactKey: Guid(5491855ac125d7342a4bb8c1cdc78150) Importer(815301076,1909f56bfc062723c751e8b465ee728b)
Start importing Assets/Packages/_DLNK/HeavyMachinery/Source/textures/heavyMachine_lights2.jpg using Guid(5491855ac125d7342a4bb8c1cdc78150) Importer(815301076,1909f56bfc062723c751e8b465ee728b)  -> (artifact id: '14dce4839cd7b783c7a47373353545af') in 0.012637 seconds 
========================================================================
Received Import Request.
  Time since last request: 0.000029 seconds.
  path: Assets/Packages/Overwound Mars Pack/Pod/PodToPodConnector.fbx
  artifactKey: Guid(cc467ae5bb7a5e740bae8e635236261d) Importer(815301076,1909f56bfc062723c751e8b465ee728b)
Start importing Assets/Packages/Overwound Mars Pack/Pod/PodToPodConnector.fbx using Guid(cc467ae5bb7a5e740bae8e635236261d) Importer(815301076,1909f56bfc062723c751e8b465ee728b)  -> (artifact id: '81017ac054e2ca2ba353cd66846f9ed0') in 0.015561 seconds 
========================================================================
Received Import Request.
  Time since last request: 0.002401 seconds.
  path: Assets/Packages/Industrial Tanks/Round Tanks/Round_tanks.fbx
  artifactKey: Guid(669c20f84053e7241a08f7dfd0c712e0) Importer(815301076,1909f56bfc062723c751e8b465ee728b)
Start importing Assets/Packages/Industrial Tanks/Round Tanks/Round_tanks.fbx using Guid(669c20f84053e7241a08f7dfd0c712e0) Importer(815301076,1909f56bfc062723c751e8b465ee728b)  -> (artifact id: '567c21476c999b2931ac90aa1450829e') in 0.243741 seconds 
========================================================================
Received Import Request.
  Time since last request: 0.000023 seconds.
  path: Assets/Packages/SolarPanel/Assets/Materials/PanelStructureMetalMaterial.mat
  artifactKey: Guid(e44062e0fb6abbf4f85659922a8c24cc) Importer(815301076,1909f56bfc062723c751e8b465ee728b)
Start importing Assets/Packages/SolarPanel/Assets/Materials/PanelStructureMetalMaterial.mat using Guid(e44062e0fb6abbf4f85659922a8c24cc) Importer(815301076,1909f56bfc062723c751e8b465ee728b)  -> (artifact id: '5b9deb092fa935970cb015a83346ba34') in 0.114795 seconds 
========================================================================
Received Import Request.
  Time since last request: 0.000028 seconds.
  path: Assets/Packages/Titanium-Fighter/FBX/Materials/naveText.mat
  artifactKey: Guid(1d4d775ddbf88414db3d2916769bd9d8) Importer(815301076,1909f56bfc062723c751e8b465ee728b)
Start importing Assets/Packages/Titanium-Fighter/FBX/Materials/naveText.mat using Guid(1d4d775ddbf88414db3d2916769bd9d8) Importer(815301076,1909f56bfc062723c751e8b465ee728b)  -> (artifact id: '158694ad5c79fbf4b98a98ed78a40c67') in 0.075050 seconds 
========================================================================
Received Import Request.
  Time since last request: 0.000018 seconds.
  path: Assets/Packages/SolarPanel/Assets/Textures/RailsMetal/RailMetalRoughness.png
  artifactKey: Guid(7945a67e5c476dc4fb6e39f47fe41c2d) Importer(815301076,1909f56bfc062723c751e8b465ee728b)
Start importing Assets/Packages/SolarPanel/Assets/Textures/RailsMetal/RailMetalRoughness.png using Guid(7945a67e5c476dc4fb6e39f47fe41c2d) Importer(815301076,1909f56bfc062723c751e8b465ee728b)  -> (artifact id: '3967d9a72383b77d2ee757de8a64283e') in 0.011734 seconds 
========================================================================
Received Import Request.
  Time since last request: 0.000026 seconds.
  path: Assets/Packages/_DLNK/HeavyMachinery/Source/Materials/LightsOff/HeavyMachinery.mat
  artifactKey: Guid(4171812fcfe1c234bb09f1335f90964f) Importer(815301076,1909f56bfc062723c751e8b465ee728b)
Start importing Assets/Packages/_DLNK/HeavyMachinery/Source/Materials/LightsOff/HeavyMachinery.mat using Guid(4171812fcfe1c234bb09f1335f90964f) Importer(815301076,1909f56bfc062723c751e8b465ee728b)  -> (artifact id: '18d8bd9fb30d84df887afaa95b26c443') in 0.106979 seconds 
========================================================================
Received Import Request.
  Time since last request: 0.000023 seconds.
  path: Assets/Packages/_DLNK/HeavyMachinery/Source/textures/grua01nm1.jpg
  artifactKey: Guid(e80cee5bc1ad4ee4ab024d7fcdbc49da) Importer(815301076,1909f56bfc062723c751e8b465ee728b)
Start importing Assets/Packages/_DLNK/HeavyMachinery/Source/textures/grua01nm1.jpg using Guid(e80cee5bc1ad4ee4ab024d7fcdbc49da) Importer(815301076,1909f56bfc062723c751e8b465ee728b)  -> (artifact id: 'a0c6de33c7009e289e3fc029393f99aa') in 0.014438 seconds 
========================================================================
Received Import Request.
  Time since last request: 0.000030 seconds.
  path: Assets/Packages/Titanium-Fighter/FBX/titaniun-fighter.fbx
  artifactKey: Guid(868faced72f26054b93a494b217ff003) Importer(815301076,1909f56bfc062723c751e8b465ee728b)
Start importing Assets/Packages/Titanium-Fighter/FBX/titaniun-fighter.fbx using Guid(868faced72f26054b93a494b217ff003) Importer(815301076,1909f56bfc062723c751e8b465ee728b)  -> (artifact id: 'b4239f9793f4135879bd9616c7cde4e9') in 0.205291 seconds 
========================================================================
Received Import Request.
  Time since last request: 0.001006 seconds.
  path: Assets/Packages/SolarPanel/Assets/Textures/Panel/PanelColor.png
  artifactKey: Guid(34b40c91e037fbb4682816710cc6a952) Importer(815301076,1909f56bfc062723c751e8b465ee728b)
Start importing Assets/Packages/SolarPanel/Assets/Textures/Panel/PanelColor.png using Guid(34b40c91e037fbb4682816710cc6a952) Importer(815301076,1909f56bfc062723c751e8b465ee728b)  -> (artifact id: '1df23ed9d9d40ab3338604104909defa') in 0.013472 seconds 
========================================================================
Received Import Request.
  Time since last request: 0.000026 seconds.
  path: Assets/Packages/Overwound Mars Pack/Materials/GroundMaterial.mat
  artifactKey: Guid(8445003bfcdaf9543a73f7037ebafb4f) Importer(815301076,1909f56bfc062723c751e8b465ee728b)
Start importing Assets/Packages/Overwound Mars Pack/Materials/GroundMaterial.mat using Guid(8445003bfcdaf9543a73f7037ebafb4f) Importer(815301076,1909f56bfc062723c751e8b465ee728b)  -> (artifact id: '7a1021b02df17a6f8007c39b21d48413') in 0.058230 seconds 
========================================================================
Received Import Request.
  Time since last request: 0.000030 seconds.
  path: Assets/Packages/_DLNK/HeavyMachinery/Source/textures/grua_light.png
  artifactKey: Guid(4fb7430ece64c294a85b8a4d309dbc4e) Importer(815301076,1909f56bfc062723c751e8b465ee728b)
Start importing Assets/Packages/_DLNK/HeavyMachinery/Source/textures/grua_light.png using Guid(4fb7430ece64c294a85b8a4d309dbc4e) Importer(815301076,1909f56bfc062723c751e8b465ee728b)  -> (artifact id: 'd007572960658966ce994f723941c9de') in 0.010969 seconds 
========================================================================
Received Import Request.
  Time since last request: 0.000018 seconds.
  path: Assets/Packages/Overwound Mars Pack/Prefabs/PodOnLegs.prefab
  artifactKey: Guid(d8a0dcc8abe0f9a43a9962953bc57645) Importer(815301076,1909f56bfc062723c751e8b465ee728b)
Start importing Assets/Packages/Overwound Mars Pack/Prefabs/PodOnLegs.prefab using Guid(d8a0dcc8abe0f9a43a9962953bc57645) Importer(815301076,1909f56bfc062723c751e8b465ee728b)  -> (artifact id: '3841103d4f03f2a8525f2765b9f7e686') in 0.013123 seconds 
========================================================================
Received Import Request.
  Time since last request: 0.000023 seconds.
  path: Assets/Packages/Industrial Tanks/Round Tanks/Materials/1K_Round_Tank_TXTR.mat
  artifactKey: Guid(eba8acf0e914e46408ce3d11d5a7fa01) Importer(815301076,1909f56bfc062723c751e8b465ee728b)
Start importing Assets/Packages/Industrial Tanks/Round Tanks/Materials/1K_Round_Tank_TXTR.mat using Guid(eba8acf0e914e46408ce3d11d5a7fa01) Importer(815301076,1909f56bfc062723c751e8b465ee728b)  -> (artifact id: '7c90e1e89f959c3fa3948a632d9ccb31') in 0.014644 seconds 
========================================================================
Received Import Request.
  Time since last request: 0.000035 seconds.
  path: Assets/Packages/_DLNK/HeavyMachinery/Source/textures/grua01d2.jpg
  artifactKey: Guid(8b695697df217ae4c9e026b3dd12c24a) Importer(815301076,1909f56bfc062723c751e8b465ee728b)
Start importing Assets/Packages/_DLNK/HeavyMachinery/Source/textures/grua01d2.jpg using Guid(8b695697df217ae4c9e026b3dd12c24a) Importer(815301076,1909f56bfc062723c751e8b465ee728b)  -> (artifact id: '49273e7ea915882eb00a30903821c843') in 0.023835 seconds 
========================================================================
Received Import Request.
  Time since last request: 0.000022 seconds.
  path: Assets/Packages/Titanium-Fighter/FBX/Materials/nnave.mat
  artifactKey: Guid(d39cb9c324b22d843b4a47db78c2abc6) Importer(815301076,1909f56bfc062723c751e8b465ee728b)
Start importing Assets/Packages/Titanium-Fighter/FBX/Materials/nnave.mat using Guid(d39cb9c324b22d843b4a47db78c2abc6) Importer(815301076,1909f56bfc062723c751e8b465ee728b)  -> (artifact id: '230890b70717b072da4eed624fcff409') in 0.013451 seconds 
========================================================================
Received Import Request.
  Time since last request: 0.000019 seconds.
  path: Assets/Packages/Overwound Mars Pack/Prefabs/PodToPodConnector.prefab
  artifactKey: Guid(0b73e71a2c1fadf418a8329ee177eec8) Importer(815301076,1909f56bfc062723c751e8b465ee728b)
Start importing Assets/Packages/Overwound Mars Pack/Prefabs/PodToPodConnector.prefab using Guid(0b73e71a2c1fadf418a8329ee177eec8) Importer(815301076,1909f56bfc062723c751e8b465ee728b)  -> (artifact id: 'cf164ebded33b262258baff1a3b1f2e6') in 0.011713 seconds 
========================================================================
Received Import Request.
  Time since last request: 0.000021 seconds.
  path: Assets/Packages/Titanium-Fighter/Prefab/titaniun-fighter.prefab
  artifactKey: Guid(c9d60ead5e7e40141a3fb1ab9b18907c) Importer(815301076,1909f56bfc062723c751e8b465ee728b)
Start importing Assets/Packages/Titanium-Fighter/Prefab/titaniun-fighter.prefab using Guid(c9d60ead5e7e40141a3fb1ab9b18907c) Importer(815301076,1909f56bfc062723c751e8b465ee728b)  -> (artifact id: 'be03860090b83317e44c8decd05b3d3b') in 0.021824 seconds 
========================================================================
Received Import Request.
  Time since last request: 0.001224 seconds.
  path: Assets/Packages/SolarPanel/Assets/Textures/StructureMetal/StructureMetalColor.png
  artifactKey: Guid(8f50eba76cd195747b1be653eb2b0eff) Importer(815301076,1909f56bfc062723c751e8b465ee728b)
Start importing Assets/Packages/SolarPanel/Assets/Textures/StructureMetal/StructureMetalColor.png using Guid(8f50eba76cd195747b1be653eb2b0eff) Importer(815301076,1909f56bfc062723c751e8b465ee728b)  -> (artifact id: 'ed5f6568adda0d8e34cb928f3c048c12') in 0.011784 seconds 
========================================================================
Received Import Request.
  Time since last request: 0.000018 seconds.
  path: Assets/Packages/_DLNK/HeavyMachinery/Source/textures/grua01d3.jpg
  artifactKey: Guid(85830e9023614724d808c3aacfd2b52f) Importer(815301076,1909f56bfc062723c751e8b465ee728b)
Start importing Assets/Packages/_DLNK/HeavyMachinery/Source/textures/grua01d3.jpg using Guid(85830e9023614724d808c3aacfd2b52f) Importer(815301076,1909f56bfc062723c751e8b465ee728b)  -> (artifact id: '398d798cb09b42f0cc569dcc0bdf0121') in 0.013993 seconds 
========================================================================
Received Import Request.
  Time since last request: 0.000023 seconds.
  path: Assets/Packages/SolarPanel/Assets/Textures/RailsMetal/RailMetalDisplacement.png
  artifactKey: Guid(a96295bdd1ceb3146bf5d039e4cd3dd2) Importer(815301076,1909f56bfc062723c751e8b465ee728b)
Start importing Assets/Packages/SolarPanel/Assets/Textures/RailsMetal/RailMetalDisplacement.png using Guid(a96295bdd1ceb3146bf5d039e4cd3dd2) Importer(815301076,1909f56bfc062723c751e8b465ee728b)  -> (artifact id: '83b1d501fac79e9ad34c3ae608c01dc5') in 0.011687 seconds 
========================================================================
Received Import Request.
  Time since last request: 0.000023 seconds.
  path: Assets/Packages/Titanium-Fighter/FBX/Materials/rocketText.mat
  artifactKey: Guid(bc8f6f7400a3cfb4590e06b1558417a4) Importer(815301076,1909f56bfc062723c751e8b465ee728b)
Start importing Assets/Packages/Titanium-Fighter/FBX/Materials/rocketText.mat using Guid(bc8f6f7400a3cfb4590e06b1558417a4) Importer(815301076,1909f56bfc062723c751e8b465ee728b)  -> (artifact id: 'b5adf297674dc85c015c1786ad1956a1') in 0.014511 seconds 
========================================================================
Received Import Request.
  Time since last request: 0.000027 seconds.
  path: Assets/Packages/_DLNK/HeavyMachinery/Source/mesh/HeavyMachinery.FBX
  artifactKey: Guid(27f7c36fea18064489df72917c26aebb) Importer(815301076,1909f56bfc062723c751e8b465ee728b)
Start importing Assets/Packages/_DLNK/HeavyMachinery/Source/mesh/HeavyMachinery.FBX using Guid(27f7c36fea18064489df72917c26aebb) Importer(815301076,1909f56bfc062723c751e8b465ee728b)  -> (artifact id: '928a3e0aea55917cac63f24ce737d1c2') in 0.106320 seconds 
========================================================================
Received Import Request.
  Time since last request: 0.000019 seconds.
  path: Assets/Packages/_DLNK/HeavyMachinery/Source/Materials/LightsOn/HeavyMachinery.mat
  artifactKey: Guid(6223da494e25b554780145bcde7958c4) Importer(815301076,1909f56bfc062723c751e8b465ee728b)
Start importing Assets/Packages/_DLNK/HeavyMachinery/Source/Materials/LightsOn/HeavyMachinery.mat using Guid(6223da494e25b554780145bcde7958c4) Importer(815301076,1909f56bfc062723c751e8b465ee728b)  -> (artifact id: '6a23fab1528f91c9d2bf2327d3f901ec') in 0.017430 seconds 
========================================================================
Received Import Request.
  Time since last request: 0.000280 seconds.
  path: Assets/Packages/Industrial Tanks/Round Tanks/Textures/1K_Round_Tank-NM.tif
  artifactKey: Guid(c8fcaa04250573e418deb876e9740f3c) Importer(815301076,1909f56bfc062723c751e8b465ee728b)
Start importing Assets/Packages/Industrial Tanks/Round Tanks/Textures/1K_Round_Tank-NM.tif using Guid(c8fcaa04250573e418deb876e9740f3c) Importer(815301076,1909f56bfc062723c751e8b465ee728b)  -> (artifact id: 'ceff5fc51aaea2262f3a559d86d51a60') in 0.011272 seconds 
========================================================================
Received Import Request.
  Time since last request: 0.000021 seconds.
  path: Assets/Packages/SolarPanel/Assets/Materials/RailMetalMaterial.mat
  artifactKey: Guid(95dd0bdd4b94f4943ac983a4b2f6c78d) Importer(815301076,1909f56bfc062723c751e8b465ee728b)
Start importing Assets/Packages/SolarPanel/Assets/Materials/RailMetalMaterial.mat using Guid(95dd0bdd4b94f4943ac983a4b2f6c78d) Importer(815301076,1909f56bfc062723c751e8b465ee728b)  -> (artifact id: 'f3f4dc81e6eb0e0ee421025b51ad0708') in 0.017105 seconds 
========================================================================
Received Import Request.
  Time since last request: 0.000017 seconds.
  path: Assets/Packages/Titanium-Fighter/Texturas/rocketNormalMap.png
  artifactKey: Guid(b1b173b2c07dbc74b8a0883916a47356) Importer(815301076,1909f56bfc062723c751e8b465ee728b)
Start importing Assets/Packages/Titanium-Fighter/Texturas/rocketNormalMap.png using Guid(b1b173b2c07dbc74b8a0883916a47356) Importer(815301076,1909f56bfc062723c751e8b465ee728b)  -> (artifact id: '6460ed6819dc57b8cb66c7b6dda3d9e5') in 0.012285 seconds 
========================================================================
Received Import Request.
  Time since last request: 0.000018 seconds.
  path: Assets/Packages/_DLNK/HeavyMachinery/Source/textures/grua01occ.jpg
  artifactKey: Guid(4c8c4225754e30740b353d41b3a4cc93) Importer(815301076,1909f56bfc062723c751e8b465ee728b)
Start importing Assets/Packages/_DLNK/HeavyMachinery/Source/textures/grua01occ.jpg using Guid(4c8c4225754e30740b353d41b3a4cc93) Importer(815301076,1909f56bfc062723c751e8b465ee728b)  -> (artifact id: 'f10eca59af3fe8cd16d95a986f00e7ed') in 0.011705 seconds 
========================================================================
Received Import Request.
  Time since last request: 0.000029 seconds.
  path: Assets/Packages/SolarPanel/Assets/Materials/Panel.mat
  artifactKey: Guid(86d7bdea95d95804db97f354894a8f8d) Importer(815301076,1909f56bfc062723c751e8b465ee728b)
Start importing Assets/Packages/SolarPanel/Assets/Materials/Panel.mat using Guid(86d7bdea95d95804db97f354894a8f8d) Importer(815301076,1909f56bfc062723c751e8b465ee728b)  -> (artifact id: 'fc4d9f6423eb4e963618c51a87648d49') in 0.078729 seconds 
========================================================================
Received Import Request.
  Time since last request: 0.000036 seconds.
  path: Assets/Packages/Overwound Mars Pack/Pod/Pod.fbx
  artifactKey: Guid(8865d0e964ac05142a03c9c7f84f265a) Importer(815301076,1909f56bfc062723c751e8b465ee728b)
Start importing Assets/Packages/Overwound Mars Pack/Pod/Pod.fbx using Guid(8865d0e964ac05142a03c9c7f84f265a) Importer(815301076,1909f56bfc062723c751e8b465ee728b)  -> (artifact id: 'dbfd10a163598450a12c04f00a310ea3') in 0.015347 seconds 
========================================================================
Received Import Request.
  Time since last request: 0.000019 seconds.
  path: Assets/Packages/SolarPanel/Assets/Textures/RailsMetal/RailMetalMetallic.png
  artifactKey: Guid(a218a7d2701e43f418fce8198198e016) Importer(815301076,1909f56bfc062723c751e8b465ee728b)
Start importing Assets/Packages/SolarPanel/Assets/Textures/RailsMetal/RailMetalMetallic.png using Guid(a218a7d2701e43f418fce8198198e016) Importer(815301076,1909f56bfc062723c751e8b465ee728b)  -> (artifact id: 'e1d9dedb4590bce98bddbdbb3576aa43') in 0.011368 seconds 
========================================================================
Received Import Request.
  Time since last request: 0.000018 seconds.
  path: Assets/New Terrain 1.asset
  artifactKey: Guid(68cb370327aa89b9cb0a7770b8d71099) Importer(815301076,1909f56bfc062723c751e8b465ee728b)
Start importing Assets/New Terrain 1.asset using Guid(68cb370327aa89b9cb0a7770b8d71099) Importer(815301076,1909f56bfc062723c751e8b465ee728b)  -> (artifact id: '23876c3c5fb4bca791f4b77c8e9bd7f4') in 0.013175 seconds 
========================================================================
Received Import Request.
  Time since last request: 0.000017 seconds.
  path: Assets/Packages/Overwound Mars Pack/Prefabs/Pod.prefab
  artifactKey: Guid(4f2ec922dde4f9447863a1de42b853f1) Importer(815301076,1909f56bfc062723c751e8b465ee728b)
Start importing Assets/Packages/Overwound Mars Pack/Prefabs/Pod.prefab using Guid(4f2ec922dde4f9447863a1de42b853f1) Importer(815301076,1909f56bfc062723c751e8b465ee728b)  -> (artifact id: '693b164ebbb32e8c84323dd3b527d162') in 0.011677 seconds 
========================================================================
Received Import Request.
  Time since last request: 0.000019 seconds.
  path: Assets/Materials/AracYerMat.mat
  artifactKey: Guid(f367c7bc11634a5a38bacf9beda694f2) Importer(815301076,1909f56bfc062723c751e8b465ee728b)
Start importing Assets/Materials/AracYerMat.mat using Guid(f367c7bc11634a5a38bacf9beda694f2) Importer(815301076,1909f56bfc062723c751e8b465ee728b)  -> (artifact id: '0a58b3a7fa7a148c3aa827c4debd1b52') in 0.012023 seconds 
========================================================================
Received Import Request.
  Time since last request: 0.000018 seconds.
  path: Assets/Packages/Titanium-Fighter/Texturas/nnave.png
  artifactKey: Guid(e75b4e998f0b70c4c98a286cab890562) Importer(815301076,1909f56bfc062723c751e8b465ee728b)
Start importing Assets/Packages/Titanium-Fighter/Texturas/nnave.png using Guid(e75b4e998f0b70c4c98a286cab890562) Importer(815301076,1909f56bfc062723c751e8b465ee728b)  -> (artifact id: '39dc76cf103f67bfac9d9934b7585788') in 0.012187 seconds 
========================================================================
Received Import Request.
  Time since last request: 0.000018 seconds.
  path: Assets/Packages/Overwound Mars Pack/Pod/PodRamp.fbx
  artifactKey: Guid(71c3720f0c4dbbe49a954afe700a3193) Importer(815301076,1909f56bfc062723c751e8b465ee728b)
Start importing Assets/Packages/Overwound Mars Pack/Pod/PodRamp.fbx using Guid(71c3720f0c4dbbe49a954afe700a3193) Importer(815301076,1909f56bfc062723c751e8b465ee728b)  -> (artifact id: 'b465e4789d249138fc9b962aa71e559e') in 0.015335 seconds 
========================================================================
Received Import Request.
  Time since last request: 0.000022 seconds.
  path: Assets/Packages/_DLNK/HeavyMachinery/Prefab/HeavyMachinery_Stopped a.prefab
  artifactKey: Guid(2e6d94b5f6d80a243bbbde55d164b71f) Importer(815301076,1909f56bfc062723c751e8b465ee728b)
Start importing Assets/Packages/_DLNK/HeavyMachinery/Prefab/HeavyMachinery_Stopped a.prefab using Guid(2e6d94b5f6d80a243bbbde55d164b71f) Importer(815301076,1909f56bfc062723c751e8b465ee728b)  -> (artifact id: '657b5ddbf3f3f1791d0efca2df7a736f') in 0.035022 seconds 
========================================================================
Received Import Request.
  Time since last request: 0.000019 seconds.
  path: Assets/Packages/SolarPanel/Assets/Textures/RailsMetal/RailMetalNormalMap.png
  artifactKey: Guid(83ed585df77b3e746915f54d947e8ea8) Importer(815301076,1909f56bfc062723c751e8b465ee728b)
Start importing Assets/Packages/SolarPanel/Assets/Textures/RailsMetal/RailMetalNormalMap.png using Guid(83ed585df77b3e746915f54d947e8ea8) Importer(815301076,1909f56bfc062723c751e8b465ee728b)  -> (artifact id: 'e2585ba38ef66842fa96f6b549af1c08') in 0.012542 seconds 
========================================================================
Received Import Request.
  Time since last request: 0.000023 seconds.
  path: Assets/Packages/SolarPanel/Assets/Textures/StructureMetal/StructureMetalMetallic.png
  artifactKey: Guid(52d3abc8c81688b4a9d0ba317895b1d0) Importer(815301076,1909f56bfc062723c751e8b465ee728b)
Start importing Assets/Packages/SolarPanel/Assets/Textures/StructureMetal/StructureMetalMetallic.png using Guid(52d3abc8c81688b4a9d0ba317895b1d0) Importer(815301076,1909f56bfc062723c751e8b465ee728b)  -> (artifact id: 'fb92fe797237e4a08c9f5ecc55aef74c') in 0.011226 seconds 
========================================================================
Received Import Request.
  Time since last request: 0.000029 seconds.
  path: Assets/Packages/Titanium-Fighter/Texturas/rocketEspecular.png
  artifactKey: Guid(eac616c787ddfed4294a5cb4dc2d972b) Importer(815301076,1909f56bfc062723c751e8b465ee728b)
Start importing Assets/Packages/Titanium-Fighter/Texturas/rocketEspecular.png using Guid(eac616c787ddfed4294a5cb4dc2d972b) Importer(815301076,1909f56bfc062723c751e8b465ee728b)  -> (artifact id: 'd2bd50a68d88038313d75e7f2acfbe8c') in 0.012216 seconds 
========================================================================
Received Import Request.
  Time since last request: 0.000032 seconds.
  path: Assets/Packages/Titanium-Fighter/Texturas/t-fighter_normalMap.png
  artifactKey: Guid(c5f3acae411702f42950aa7afeada53f) Importer(815301076,1909f56bfc062723c751e8b465ee728b)
Start importing Assets/Packages/Titanium-Fighter/Texturas/t-fighter_normalMap.png using Guid(c5f3acae411702f42950aa7afeada53f) Importer(815301076,1909f56bfc062723c751e8b465ee728b)  -> (artifact id: 'c361e62fc96ca5383e5ee09de80199f8') in 0.014852 seconds 
========================================================================
Received Import Request.
  Time since last request: 0.000794 seconds.
  path: Assets/Packages/SolarPanel/Assets/Textures/StructureMetal/StructureMetalNormalMap.png
  artifactKey: Guid(0cfca109f3ab2d4429fe7cd1a3d14bbb) Importer(815301076,1909f56bfc062723c751e8b465ee728b)
Start importing Assets/Packages/SolarPanel/Assets/Textures/StructureMetal/StructureMetalNormalMap.png using Guid(0cfca109f3ab2d4429fe7cd1a3d14bbb) Importer(815301076,1909f56bfc062723c751e8b465ee728b)  -> (artifact id: '81c51900378f4768d428c05cd955ae71') in 0.013695 seconds 
========================================================================
Received Import Request.
  Time since last request: 0.000679 seconds.
  path: Assets/Packages/SolarPanel/Assets/Textures/RailsMetal/RailMetalColor.png
  artifactKey: Guid(99e68e2e595b6f24888cad2cb96a9d08) Importer(815301076,1909f56bfc062723c751e8b465ee728b)
Start importing Assets/Packages/SolarPanel/Assets/Textures/RailsMetal/RailMetalColor.png using Guid(99e68e2e595b6f24888cad2cb96a9d08) Importer(815301076,1909f56bfc062723c751e8b465ee728b)  -> (artifact id: 'fce12830d343083d9f68853dac996d14') in 0.012189 seconds 
========================================================================
Received Import Request.
  Time since last request: 0.000019 seconds.
  path: Assets/Materials/SolarPLace.mat
  artifactKey: Guid(85ee3bb0442f8067fa6bd17c168f445f) Importer(815301076,1909f56bfc062723c751e8b465ee728b)
Start importing Assets/Materials/SolarPLace.mat using Guid(85ee3bb0442f8067fa6bd17c168f445f) Importer(815301076,1909f56bfc062723c751e8b465ee728b)  -> (artifact id: '63f7e44700e5ea998a4a64a22b84d8f2') in 0.012500 seconds 
========================================================================
Received Import Request.
  Time since last request: 0.000021 seconds.
  path: Assets/Packages/Overwound Mars Pack/Prefabs/PodRamp.prefab
  artifactKey: Guid(0cb6440e4cc77d9488aa2105834508a3) Importer(815301076,1909f56bfc062723c751e8b465ee728b)
Start importing Assets/Packages/Overwound Mars Pack/Prefabs/PodRamp.prefab using Guid(0cb6440e4cc77d9488aa2105834508a3) Importer(815301076,1909f56bfc062723c751e8b465ee728b)  -> (artifact id: '81e9bb06d728f476fc64d1c13b8cdc37') in 0.013224 seconds 
========================================================================
Received Import Request.
  Time since last request: 0.000020 seconds.
  path: Assets/Packages/Overwound Mars Pack/Textures/GroundTexture.png
  artifactKey: Guid(590e48adc074c1743a2b30df2daccacd) Importer(815301076,1909f56bfc062723c751e8b465ee728b)
Start importing Assets/Packages/Overwound Mars Pack/Textures/GroundTexture.png using Guid(590e48adc074c1743a2b30df2daccacd) Importer(815301076,1909f56bfc062723c751e8b465ee728b)  -> (artifact id: '3e65125197e1ae07357396a91a684353') in 0.011547 seconds 
========================================================================
Received Import Request.
  Time since last request: 0.000026 seconds.
  path: Assets/Packages/_DLNK/HeavyMachinery/Source/Materials/LightsOff/HeavyMachinery 1.mat
  artifactKey: Guid(d6088e5929138a8499e8df7c515d4e1a) Importer(815301076,1909f56bfc062723c751e8b465ee728b)
Start importing Assets/Packages/_DLNK/HeavyMachinery/Source/Materials/LightsOff/HeavyMachinery 1.mat using Guid(d6088e5929138a8499e8df7c515d4e1a) Importer(815301076,1909f56bfc062723c751e8b465ee728b)  -> (artifact id: '3d1e25d68def96bf932d0398f994b6ce') in 0.024866 seconds 
========================================================================
Received Import Request.
  Time since last request: 0.000301 seconds.
  path: Assets/Packages/Titanium-Fighter/Texturas/rocketText.png
  artifactKey: Guid(29942cb71620bb84cb08c317ffa4419e) Importer(815301076,1909f56bfc062723c751e8b465ee728b)
Start importing Assets/Packages/Titanium-Fighter/Texturas/rocketText.png using Guid(29942cb71620bb84cb08c317ffa4419e) Importer(815301076,1909f56bfc062723c751e8b465ee728b)  -> (artifact id: '35fc38f2b950af8a311935cb7344f95c') in 0.011743 seconds 
========================================================================
Received Import Request.
  Time since last request: 0.000022 seconds.
  path: Assets/Packages/SolarPanel/Assets/Textures/Panel/PanelNormalMap.png
  artifactKey: Guid(745ee60262058d24fb98e0b37d0bcee6) Importer(815301076,1909f56bfc062723c751e8b465ee728b)
Start importing Assets/Packages/SolarPanel/Assets/Textures/Panel/PanelNormalMap.png using Guid(745ee60262058d24fb98e0b37d0bcee6) Importer(815301076,1909f56bfc062723c751e8b465ee728b)  -> (artifact id: 'c3f36776fec4338a0676bef09ed2ab4e') in 0.015290 seconds 
========================================================================
Received Import Request.
  Time since last request: 0.000018 seconds.
  path: Assets/Packages/Overwound Mars Pack/Pod/PodLegs.fbx
  artifactKey: Guid(70b2b1dead3bbd444b6a66b860ea5ee3) Importer(815301076,1909f56bfc062723c751e8b465ee728b)
Start importing Assets/Packages/Overwound Mars Pack/Pod/PodLegs.fbx using Guid(70b2b1dead3bbd444b6a66b860ea5ee3) Importer(815301076,1909f56bfc062723c751e8b465ee728b)  -> (artifact id: '2fadabfe5be7fba297a4153885cca81d') in 0.016784 seconds 
========================================================================
Received Import Request.
  Time since last request: 0.000029 seconds.
  path: Assets/TerrainData_4284b0aa-a7d9-4587-a0df-1cf205c22285.asset
  artifactKey: Guid(6a7e6d8b87f76af798ef9fde42a796c1) Importer(815301076,1909f56bfc062723c751e8b465ee728b)
Start importing Assets/TerrainData_4284b0aa-a7d9-4587-a0df-1cf205c22285.asset using Guid(6a7e6d8b87f76af798ef9fde42a796c1) Importer(815301076,1909f56bfc062723c751e8b465ee728b)  -> (artifact id: '067a991a1a29b3e7799b6c20b94eb160') in 0.014051 seconds 
========================================================================
Received Import Request.
  Time since last request: 0.000029 seconds.
  path: Assets/Packages/_DLNK/HeavyMachinery/Source/Materials/Light.mat
  artifactKey: Guid(d242ea4211d6c2e4d91e037a483e65ca) Importer(815301076,1909f56bfc062723c751e8b465ee728b)
Start importing Assets/Packages/_DLNK/HeavyMachinery/Source/Materials/Light.mat using Guid(d242ea4211d6c2e4d91e037a483e65ca) Importer(815301076,1909f56bfc062723c751e8b465ee728b)  -> (artifact id: '44b904ff013ea4b9f9485bf1eb98c8c3') in 0.013380 seconds 
========================================================================
Received Import Request.
  Time since last request: 0.000018 seconds.
  path: Assets/Packages/Overwound Mars Pack/Textures/PodBaseTexture.png
  artifactKey: Guid(aedc57135f863954ebf12c9c993423e3) Importer(815301076,1909f56bfc062723c751e8b465ee728b)
Start importing Assets/Packages/Overwound Mars Pack/Textures/PodBaseTexture.png using Guid(aedc57135f863954ebf12c9c993423e3) Importer(815301076,1909f56bfc062723c751e8b465ee728b)  -> (artifact id: '6144fa43109dc181c646279510009ed1') in 0.012663 seconds 
========================================================================
Received Import Request.
  Time since last request: 0.000020 seconds.
  path: Assets/Packages/SolarPanel/Assets/Materials/PanelMetal.mat
  artifactKey: Guid(26d72d3bbb5f44843a3a280d8ca3a743) Importer(815301076,1909f56bfc062723c751e8b465ee728b)
Start importing Assets/Packages/SolarPanel/Assets/Materials/PanelMetal.mat using Guid(26d72d3bbb5f44843a3a280d8ca3a743) Importer(815301076,1909f56bfc062723c751e8b465ee728b)  -> (artifact id: 'a817a55ad0e4109091ff2ed6e6df29cd') in 0.013641 seconds 
========================================================================
Received Import Request.
  Time since last request: 0.000023 seconds.
  path: Assets/Packages/SolarPanel/Assets/GameReadyPrefab/SolarPanel.prefab
  artifactKey: Guid(3f224e0adb4c2094ea7380ad5a08d8a8) Importer(815301076,1909f56bfc062723c751e8b465ee728b)
Start importing Assets/Packages/SolarPanel/Assets/GameReadyPrefab/SolarPanel.prefab using Guid(3f224e0adb4c2094ea7380ad5a08d8a8) Importer(815301076,1909f56bfc062723c751e8b465ee728b)  -> (artifact id: 'f503b797aa81901769cabb6e08ee8b6c') in 0.035580 seconds 
========================================================================
Received Import Request.
  Time since last request: 0.000021 seconds.
  path: Assets/Packages/Industrial Tanks/Round Tanks/Textures/1K_Steps_Pipes_Round_TankTXTR.tif
  artifactKey: Guid(6c9856f312223194bae7b355d8ccb1fa) Importer(815301076,1909f56bfc062723c751e8b465ee728b)
Start importing Assets/Packages/Industrial Tanks/Round Tanks/Textures/1K_Steps_Pipes_Round_TankTXTR.tif using Guid(6c9856f312223194bae7b355d8ccb1fa) Importer(815301076,1909f56bfc062723c751e8b465ee728b)  -> (artifact id: '9828dfe5520075625f1fc486dce371c4') in 0.014221 seconds 
========================================================================
Received Prepare
Registering precompiled user dll's ...
Registered in 0.011191 seconds.
ArgumentException: An item with the same key has already been added. Key: 00000000000000000000000000000000
  at System.Collections.Generic.Dictionary`2[TKey,TValue].TryInsert (TKey key, TValue value, System.Collections.Generic.InsertionBehavior behavior) [0x0015a] in <4a4789deb75f446a81a24a1a00bdd3f9>:0 
  at System.Collections.Generic.Dictionary`2[TKey,TValue].Add (TKey key, TValue value) [0x00000] in <4a4789deb75f446a81a24a1a00bdd3f9>:0 
  at System.Linq.Enumerable.ToDictionary[TSource,TKey] (TSource[] source, System.Func`2[T,TResult] keySelector, System.Collections.Generic.IEqualityComparer`1[T] comparer) [0x0001c] in <d630687edd41403db17561f5afda04df>:0 
  at System.Linq.Enumerable.ToDictionary[TSource,TKey] (System.Collections.Generic.IEnumerable`1[T] source, System.Func`2[T,TResult] keySelector, System.Collections.Generic.IEqualityComparer`1[T] comparer) [0x00043] in <d630687edd41403db17561f5afda04df>:0 
  at System.Linq.Enumerable.ToDictionary[TSource,TKey] (System.Collections.Generic.IEnumerable`1[T] source, System.Func`2[T,TResult] keySelector) [0x00000] in <d630687edd41403db17561f5afda04df>:0 
  at UnityEditor.Scripting.ScriptCompilation.LoadingAssemblyDefinition.SetAllCustomScriptAssemblyReferenceJsonsContents (System.String[] paths, System.String[] contents) [0x00172] in <9959c9185b684a4d9d56448296fb9048>:0 
UnityEngine.DebugLogHandler:Internal_LogException(Exception, Object)
UnityEngine.DebugLogHandler:LogException(Exception, Object)
UnityEngine.Logger:LogException(Exception, Object)
UnityEngine.Debug:LogException(Exception)
UnityEditor.Scripting.ScriptCompilation.EditorCompilationInterface:LogException(Exception)
UnityEditor.Scripting.ScriptCompilation.EditorCompilationInterface:EmitExceptionsAsErrors(Exception[])
UnityEditor.Scripting.ScriptCompilation.EditorCompilationInterface:SetAllCustomScriptAssemblyReferenceJsons(String[], String[])

ArgumentException: An item with the same key has already been added. Key: 00000000000000000000000000000000
  at System.Collections.Generic.Dictionary`2[TKey,TValue].TryInsert (TKey key, TValue value, System.Collections.Generic.InsertionBehavior behavior) [0x0015a] in <4a4789deb75f446a81a24a1a00bdd3f9>:0 
  at System.Collections.Generic.Dictionary`2[TKey,TValue].Add (TKey key, TValue value) [0x00000] in <4a4789deb75f446a81a24a1a00bdd3f9>:0 
  at System.Linq.Enumerable.ToDictionary[TSource,TKey] (TSource[] source, System.Func`2[T,TResult] keySelector, System.Collections.Generic.IEqualityComparer`1[T] comparer) [0x0001c] in <d630687edd41403db17561f5afda04df>:0 
  at System.Linq.Enumerable.ToDictionary[TSource,TKey] (System.Collections.Generic.IEnumerable`1[T] source, System.Func`2[T,TResult] keySelector, System.Collections.Generic.IEqualityComparer`1[T] comparer) [0x00043] in <d630687edd41403db17561f5afda04df>:0 
  at System.Linq.Enumerable.ToDictionary[TSource,TKey] (System.Collections.Generic.IEnumerable`1[T] source, System.Func`2[T,TResult] keySelector) [0x00000] in <d630687edd41403db17561f5afda04df>:0 
  at UnityEditor.Scripting.ScriptCompilation.LoadingAssemblyDefinition.SetAllCustomScriptAssemblyReferenceJsonsContents (System.String[] paths, System.String[] contents) [0x00172] in <9959c9185b684a4d9d56448296fb9048>:0 
UnityEngine.DebugLogHandler:Internal_LogException(Exception, Object)
UnityEngine.DebugLogHandler:LogException(Exception, Object)
UnityEngine.Logger:LogException(Exception, Object)
UnityEngine.Debug:LogException(Exception)
UnityEditor.Scripting.ScriptCompilation.EditorCompilationInterface:LogException(Exception)
UnityEditor.Scripting.ScriptCompilation.EditorCompilationInterface:EmitExceptionsAsErrors(Exception[])
UnityEditor.Scripting.ScriptCompilation.EditorCompilationInterface:SetAllCustomScriptAssemblyReferenceJsons(String[], String[])

ArgumentException: An item with the same key has already been added. Key: 00000000000000000000000000000000
  at System.Collections.Generic.Dictionary`2[TKey,TValue].TryInsert (TKey key, TValue value, System.Collections.Generic.InsertionBehavior behavior) [0x0015a] in <4a4789deb75f446a81a24a1a00bdd3f9>:0 
  at System.Collections.Generic.Dictionary`2[TKey,TValue].Add (TKey key, TValue value) [0x00000] in <4a4789deb75f446a81a24a1a00bdd3f9>:0 
  at System.Linq.Enumerable.ToDictionary[TSource,TKey] (TSource[] source, System.Func`2[T,TResult] keySelector, System.Collections.Generic.IEqualityComparer`1[T] comparer) [0x0001c] in <d630687edd41403db17561f5afda04df>:0 
  at System.Linq.Enumerable.ToDictionary[TSource,TKey] (System.Collections.Generic.IEnumerable`1[T] source, System.Func`2[T,TResult] keySelector, System.Collections.Generic.IEqualityComparer`1[T] comparer) [0x00043] in <d630687edd41403db17561f5afda04df>:0 
  at System.Linq.Enumerable.ToDictionary[TSource,TKey] (System.Collections.Generic.IEnumerable`1[T] source, System.Func`2[T,TResult] keySelector) [0x00000] in <d630687edd41403db17561f5afda04df>:0 
  at UnityEditor.Scripting.ScriptCompilation.LoadingAssemblyDefinition.SetAllCustomScriptAssemblyReferenceJsonsContents (System.String[] paths, System.String[] contents) [0x00172] in <9959c9185b684a4d9d56448296fb9048>:0 
UnityEngine.DebugLogHandler:Internal_LogException(Exception, Object)
UnityEngine.DebugLogHandler:LogException(Exception, Object)
UnityEngine.Logger:LogException(Exception, Object)
UnityEngine.Debug:LogException(Exception)
UnityEditor.Scripting.ScriptCompilation.EditorCompilationInterface:LogException(Exception)
UnityEditor.Scripting.ScriptCompilation.EditorCompilationInterface:EmitExceptionsAsErrors(Exception[])
UnityEditor.Scripting.ScriptCompilation.EditorCompilationInterface:SetAllCustomScriptAssemblyReferenceJsons(String[], String[])

ArgumentException: An item with the same key has already been added. Key: 00000000000000000000000000000000
  at System.Collections.Generic.Dictionary`2[TKey,TValue].TryInsert (TKey key, TValue value, System.Collections.Generic.InsertionBehavior behavior) [0x0015a] in <4a4789deb75f446a81a24a1a00bdd3f9>:0 
  at System.Collections.Generic.Dictionary`2[TKey,TValue].Add (TKey key, TValue value) [0x00000] in <4a4789deb75f446a81a24a1a00bdd3f9>:0 
  at System.Linq.Enumerable.ToDictionary[TSource,TKey] (TSource[] source, System.Func`2[T,TResult] keySelector, System.Collections.Generic.IEqualityComparer`1[T] comparer) [0x0001c] in <d630687edd41403db17561f5afda04df>:0 
  at System.Linq.Enumerable.ToDictionary[TSource,TKey] (System.Collections.Generic.IEnumerable`1[T] source, System.Func`2[T,TResult] keySelector, System.Collections.Generic.IEqualityComparer`1[T] comparer) [0x00043] in <d630687edd41403db17561f5afda04df>:0 
  at System.Linq.Enumerable.ToDictionary[TSource,TKey] (System.Collections.Generic.IEnumerable`1[T] source, System.Func`2[T,TResult] keySelector) [0x00000] in <d630687edd41403db17561f5afda04df>:0 
  at UnityEditor.Scripting.ScriptCompilation.LoadingAssemblyDefinition.SetAllCustomScriptAssemblyReferenceJsonsContents (System.String[] paths, System.String[] contents) [0x00172] in <9959c9185b684a4d9d56448296fb9048>:0 
UnityEngine.DebugLogHandler:Internal_LogException(Exception, Object)
UnityEngine.DebugLogHandler:LogException(Exception, Object)
UnityEngine.Logger:LogException(Exception, Object)
UnityEngine.Debug:LogException(Exception)
UnityEditor.Scripting.ScriptCompilation.EditorCompilationInterface:LogException(Exception)
UnityEditor.Scripting.ScriptCompilation.EditorCompilationInterface:EmitExceptionsAsErrors(Exception[])
UnityEditor.Scripting.ScriptCompilation.EditorCompilationInterface:SetAllCustomScriptAssemblyReferenceJsons(String[], String[])

Begin MonoManager ReloadAssembly
Symbol file LoadedFromMemory doesn't match image D:\Projeler\UnityProjects\NasaApp\Library\PackageCache\com.unity.visualscripting@1.8.0\Editor\VisualScripting.Core\Dependencies\DotNetZip\Unity.VisualScripting.IonicZip.dll
Symbol file LoadedFromMemory doesn't match image D:\Projeler\UnityProjects\NasaApp\Library\PackageCache\com.unity.visualscripting@1.8.0\Editor\VisualScripting.Core\Dependencies\YamlDotNet\Unity.VisualScripting.YamlDotNet.dll
Native extension for WindowsStandalone target not found
Native extension for Android target not found
Native extension for OSXStandalone target not found
Refreshing native plugins compatible for Editor in 188.87 ms, found 12 plugins.
Preloading 1 native plugins for Editor in 0.58 ms.
ArgumentException: An item with the same key has already been added. Key: 00000000000000000000000000000000
  at System.Collections.Generic.Dictionary`2[TKey,TValue].TryInsert (TKey key, TValue value, System.Collections.Generic.InsertionBehavior behavior) [0x0015a] in <4a4789deb75f446a81a24a1a00bdd3f9>:0 
  at System.Collections.Generic.Dictionary`2[TKey,TValue].Add (TKey key, TValue value) [0x00000] in <4a4789deb75f446a81a24a1a00bdd3f9>:0 
  at System.Linq.Enumerable.ToDictionary[TSource,TKey] (TSource[] source, System.Func`2[T,TResult] keySelector, System.Collections.Generic.IEqualityComparer`1[T] comparer) [0x0001c] in <d630687edd41403db17561f5afda04df>:0 
  at System.Linq.Enumerable.ToDictionary[TSource,TKey] (System.Collections.Generic.IEnumerable`1[T] source, System.Func`2[T,TResult] keySelector, System.Collections.Generic.IEqualityComparer`1[T] comparer) [0x00043] in <d630687edd41403db17561f5afda04df>:0 
  at System.Linq.Enumerable.ToDictionary[TSource,TKey] (System.Collections.Generic.IEnumerable`1[T] source, System.Func`2[T,TResult] keySelector) [0x00000] in <d630687edd41403db17561f5afda04df>:0 
  at UnityEditor.Scripting.ScriptCompilation.LoadingAssemblyDefinition.SetAllCustomScriptAssemblyReferenceJsonsContents (System.String[] paths, System.String[] contents) [0x00172] in <9959c9185b684a4d9d56448296fb9048>:0 
UnityEngine.DebugLogHandler:Internal_LogException(Exception, Object)
UnityEngine.DebugLogHandler:LogException(Exception, Object)
UnityEngine.Logger:LogException(Exception, Object)
UnityEngine.Debug:LogException(Exception)
UnityEditor.Scripting.ScriptCompilation.EditorCompilationInterface:LogException(Exception)
UnityEditor.Scripting.ScriptCompilation.EditorCompilationInterface:EmitExceptionsAsErrors(Exception[])
UnityEditor.Scripting.ScriptCompilation.EditorCompilationInterface:SetAllCustomScriptAssemblyReferenceJsons(String[], String[])

ArgumentException: An item with the same key has already been added. Key: 00000000000000000000000000000000
  at System.Collections.Generic.Dictionary`2[TKey,TValue].TryInsert (TKey key, TValue value, System.Collections.Generic.InsertionBehavior behavior) [0x0015a] in <4a4789deb75f446a81a24a1a00bdd3f9>:0 
  at System.Collections.Generic.Dictionary`2[TKey,TValue].Add (TKey key, TValue value) [0x00000] in <4a4789deb75f446a81a24a1a00bdd3f9>:0 
  at System.Linq.Enumerable.ToDictionary[TSource,TKey] (TSource[] source, System.Func`2[T,TResult] keySelector, System.Collections.Generic.IEqualityComparer`1[T] comparer) [0x0001c] in <d630687edd41403db17561f5afda04df>:0 
  at System.Linq.Enumerable.ToDictionary[TSource,TKey] (System.Collections.Generic.IEnumerable`1[T] source, System.Func`2[T,TResult] keySelector, System.Collections.Generic.IEqualityComparer`1[T] comparer) [0x00043] in <d630687edd41403db17561f5afda04df>:0 
  at System.Linq.Enumerable.ToDictionary[TSource,TKey] (System.Collections.Generic.IEnumerable`1[T] source, System.Func`2[T,TResult] keySelector) [0x00000] in <d630687edd41403db17561f5afda04df>:0 
  at UnityEditor.Scripting.ScriptCompilation.LoadingAssemblyDefinition.SetAllCustomScriptAssemblyReferenceJsonsContents (System.String[] paths, System.String[] contents) [0x00172] in <9959c9185b684a4d9d56448296fb9048>:0 
UnityEngine.DebugLogHandler:Internal_LogException(Exception, Object)
UnityEngine.DebugLogHandler:LogException(Exception, Object)
UnityEngine.Logger:LogException(Exception, Object)
UnityEngine.Debug:LogException(Exception)
UnityEditor.Scripting.ScriptCompilation.EditorCompilationInterface:LogException(Exception)
UnityEditor.Scripting.ScriptCompilation.EditorCompilationInterface:EmitExceptionsAsErrors(Exception[])
UnityEditor.Scripting.ScriptCompilation.EditorCompilationInterface:SetAllCustomScriptAssemblyReferenceJsons(String[], String[])

System.Reflection.TargetInvocationException: Exception has been thrown by the target of an invocation. ---> System.NullReferenceException: Object reference not set to an instance of an object
  at Unity.XR.Oculus.OculusLoader.AssetPathToAbsolutePath (System.String assetPath) [0x00041] in D:\Projeler\UnityProjects\NasaApp\Library\PackageCache\com.unity.xr.oculus@3.3.0\Runtime\OculusLoader.cs:282 
  at Unity.XR.Oculus.OculusLoader.EditorLoadOVRPlugin () [0x000b0] in D:\Projeler\UnityProjects\NasaApp\Library\PackageCache\com.unity.xr.oculus@3.3.0\Runtime\OculusLoader.cs:267 
  at (wrapper managed-to-native) System.Reflection.RuntimeMethodInfo.InternalInvoke(System.Reflection.RuntimeMethodInfo,object,object[],System.Exception&)
  at System.Reflection.RuntimeMethodInfo.Invoke (System.Object obj, System.Reflection.BindingFlags invokeAttr, System.Reflection.Binder binder, System.Object[] parameters, System.Globalization.CultureInfo culture) [0x0006a] in <4a4789deb75f446a81a24a1a00bdd3f9>:0 
   --- End of inner exception stack trace ---
  at System.Reflection.RuntimeMethodInfo.Invoke (System.Object obj, System.Reflection.BindingFlags invokeAttr, System.Reflection.Binder binder, System.Object[] parameters, System.Globalization.CultureInfo culture) [0x00083] in <4a4789deb75f446a81a24a1a00bdd3f9>:0 
  at System.Reflection.MethodBase.Invoke (System.Object obj, System.Object[] parameters) [0x00000] in <4a4789deb75f446a81a24a1a00bdd3f9>:0 
  at UnityEditor.EditorAssemblies.ProcessInitializeOnLoadMethodAttributes () [0x000a5] in <9959c9185b684a4d9d56448296fb9048>:0 
UnityEngine.StackTraceUtility:ExtractStackTrace ()
UnityEngine.DebugLogHandler:LogFormat (UnityEngine.LogType,UnityEngine.Object,string,object[])
UnityEngine.Logger:Log (UnityEngine.LogType,object)
UnityEngine.Debug:LogError (object)
UnityEditor.EditorAssemblies:ProcessInitializeOnLoadMethodAttributes ()

Mono: successfully reloaded assembly
- Completed reload, in  2.217 seconds
Domain Reload Profiling:
	ReloadAssembly (2218ms)
		BeginReloadAssembly (190ms)
			ExecutionOrderSort (0ms)
			DisableScriptedObjects (7ms)
			BackupInstance (0ms)
			ReleaseScriptingObjects (0ms)
			CreateAndSetChildDomain (54ms)
		EndReloadAssembly (1877ms)
			LoadAssemblies (125ms)
			RebuildTransferFunctionScriptingTraits (0ms)
			SetupTypeCache (408ms)
			ReleaseScriptCaches (2ms)
			RebuildScriptCaches (62ms)
			SetupLoadedEditorAssemblies (1196ms)
				LogAssemblyErrors (0ms)
				InitializePlatformSupportModulesInManaged (24ms)
				SetLoadedEditorAssemblies (0ms)
				RefreshPlugins (190ms)
				BeforeProcessingInitializeOnLoad (168ms)
				ProcessInitializeOnLoadAttributes (684ms)
				ProcessInitializeOnLoadMethodAttributes (126ms)
				AfterProcessingInitializeOnLoad (4ms)
				EditorAssembliesLoaded (0ms)
			ExecutionOrderSort2 (0ms)
			AwakeInstancesAfterBackupRestoration (8ms)
Platform modules already initialized, skipping
Refreshing native plugins compatible for Editor in 15.21 ms, found 12 plugins.
Preloading 1 native plugins for Editor in 0.12 ms.
Unloading 5869 Unused Serialized files (Serialized files now loaded: 0)
Unloading 125 unused Assets / (4.2 MB). Loaded Objects now: 6562.
Memory consumption went from 271.8 MB to 267.6 MB.
Total: 7.874700 ms (FindLiveObjects: 0.564000 ms CreateObjectMapping: 0.598300 ms MarkObjects: 4.628200 ms  DeleteObjects: 2.083000 ms)

AssetImportParameters requested are different than current active one (requested -> active):
  custom:video-decoder-ogg-theora: a1e56fd34408186e4bbccfd4996cb3dc -> 
  custom:container-muxer-webm: aa71ff27fc2769a1b78a27578f13a17b -> 
  custom:container-demuxer-webm: 4f35f7cbe854078d1ac9338744f61a02 -> 
  custom:video-encoder-webm-vp8: eb34c28f22e8b96e1ab97ce403110664 -> 
  custom:audio-encoder-webm-vorbis: bf7c407c2cedff20999df2af8eb42d56 -> 
  custom:framework-win-MediaFoundation: 216162199b28c13a410421893ffa2e32 -> 
  custom:container-demuxer-ogg: 62fdf1f143b41e24485cea50d1cbac27 -> 
  custom:video-decoder-webm-vp8: 9c59270c3fd7afecdb556c50c9e8de78 -> 
  custom:audio-decoder-ogg-vorbis: bf7c407c2cedff20999df2af8eb42d56 -> 
========================================================================
Received Import Request.
  Time since last request: 102.619899 seconds.
  path: Assets/Scenes/MainGame.unity
  artifactKey: Guid(e8f3f25cd6caf124b80d614fd5ec4e6c) Importer(815301076,1909f56bfc062723c751e8b465ee728b)
Start importing Assets/Scenes/MainGame.unity using Guid(e8f3f25cd6caf124b80d614fd5ec4e6c) Importer(815301076,1909f56bfc062723c751e8b465ee728b)  -> (artifact id: 'e75601e29bed6dd1fad9b3b98b24cf9f') in 0.016150 seconds 
========================================================================
Received Import Request.
  Time since last request: 25.713734 seconds.
  path: Assets/Packages/Overwound Mars Pack/Materials/GroundMaterial.mat
  artifactKey: Guid(8445003bfcdaf9543a73f7037ebafb4f) Importer(815301076,1909f56bfc062723c751e8b465ee728b)
Start importing Assets/Packages/Overwound Mars Pack/Materials/GroundMaterial.mat using Guid(8445003bfcdaf9543a73f7037ebafb4f) Importer(815301076,1909f56bfc062723c751e8b465ee728b)  -> (artifact id: '2f098eb0348a9331d18c3943421d3e97') in 0.724128 seconds 
========================================================================
Received Import Request.
  Time since last request: 51.957912 seconds.
  path: Assets/Samples/XR Interaction Toolkit/2.3.2/Starter Assets/Models/PushButton.fbx
  artifactKey: Guid(7ab6f3b0fd1a6ba41b2a47766c16613f) Importer(815301076,1909f56bfc062723c751e8b465ee728b)
Start importing Assets/Samples/XR Interaction Toolkit/2.3.2/Starter Assets/Models/PushButton.fbx using Guid(7ab6f3b0fd1a6ba41b2a47766c16613f) Importer(815301076,1909f56bfc062723c751e8b465ee728b)  -> (artifact id: 'b503a1dc1347f29378e0b5f8ca184984') in 0.293951 seconds 
========================================================================
Received Import Request.
  Time since last request: 0.000035 seconds.
  path: Assets/SolarPanel/Assets/Textures/StructureMetal/StructureMetalColor.png
  artifactKey: Guid(8f50eba76cd195747b1be653eb2b0eff) Importer(815301076,1909f56bfc062723c751e8b465ee728b)
Start importing Assets/SolarPanel/Assets/Textures/StructureMetal/StructureMetalColor.png using Guid(8f50eba76cd195747b1be653eb2b0eff) Importer(815301076,1909f56bfc062723c751e8b465ee728b)  -> (artifact id: 'e7d8bc7ef85f63526a68006654fa1ad2') in 0.080711 seconds 
========================================================================
Received Import Request.
  Time since last request: 0.000074 seconds.
  path: Assets/SolarPanel/Assets/Textures/Panel/PanelColor.png
  artifactKey: Guid(34b40c91e037fbb4682816710cc6a952) Importer(815301076,1909f56bfc062723c751e8b465ee728b)
Start importing Assets/SolarPanel/Assets/Textures/Panel/PanelColor.png using Guid(34b40c91e037fbb4682816710cc6a952) Importer(815301076,1909f56bfc062723c751e8b465ee728b)  -> (artifact id: '5c81972d1cfe56c0195f1a1b98c2a96f') in 0.030571 seconds 
========================================================================
Received Import Request.
  Time since last request: 0.000057 seconds.
  path: Assets/Samples/XR Interaction Toolkit/2.3.2/Starter Assets/AffordanceThemes/InteractionColorAffordanceTheme.asset
  artifactKey: Guid(3ec238cb3e80e274c844d7b56f585392) Importer(815301076,1909f56bfc062723c751e8b465ee728b)
Start importing Assets/Samples/XR Interaction Toolkit/2.3.2/Starter Assets/AffordanceThemes/InteractionColorAffordanceTheme.asset using Guid(3ec238cb3e80e274c844d7b56f585392) Importer(815301076,1909f56bfc062723c751e8b465ee728b)  -> (artifact id: 'e2e19182703425d1879abc995494c111') in 0.022096 seconds 
========================================================================
Received Import Request.
  Time since last request: 0.000040 seconds.
  path: Assets/SolarPanel/Assets/Model/SolarPanel.fbx
  artifactKey: Guid(c01c7eeb58a30ef43977fe82335cdba6) Importer(815301076,1909f56bfc062723c751e8b465ee728b)
Start importing Assets/SolarPanel/Assets/Model/SolarPanel.fbx using Guid(c01c7eeb58a30ef43977fe82335cdba6) Importer(815301076,1909f56bfc062723c751e8b465ee728b)  -> (artifact id: '272b9cf42cde26e0218aefbe133e3d8a') in 0.551568 seconds 
========================================================================
Received Import Request.
  Time since last request: 1.533910 seconds.
  path: Assets/SolarPanel/Assets/GameReadyPrefab/SolarPanel.prefab
  artifactKey: Guid(3f224e0adb4c2094ea7380ad5a08d8a8) Importer(815301076,1909f56bfc062723c751e8b465ee728b)
Start importing Assets/SolarPanel/Assets/GameReadyPrefab/SolarPanel.prefab using Guid(3f224e0adb4c2094ea7380ad5a08d8a8) Importer(815301076,1909f56bfc062723c751e8b465ee728b)  -> (artifact id: 'f946b9a2c1d50ed375b6a1306972c1d0') in 0.069254 seconds 
========================================================================
Received Import Request.
  Time since last request: 0.000044 seconds.
  path: Assets/Prefabs/Tasks/SolarPanels.prefab
  artifactKey: Guid(c7d90f3090a6b9b48893e1e645b6e11d) Importer(815301076,1909f56bfc062723c751e8b465ee728b)
Start importing Assets/Prefabs/Tasks/SolarPanels.prefab using Guid(c7d90f3090a6b9b48893e1e645b6e11d) Importer(815301076,1909f56bfc062723c751e8b465ee728b)  -> (artifact id: '38b4418b26a08b95a5578ca0aca904c4') in 0.046450 seconds 
========================================================================
Received Import Request.
  Time since last request: 0.000063 seconds.
  path: Assets/Packages/OutSpace/uploads_files_3347982_Solar+System.fbx
  artifactKey: Guid(725f3e316a3e07251ba1af1676862ccd) Importer(815301076,1909f56bfc062723c751e8b465ee728b)
Start importing Assets/Packages/OutSpace/uploads_files_3347982_Solar+System.fbx using Guid(725f3e316a3e07251ba1af1676862ccd) Importer(815301076,1909f56bfc062723c751e8b465ee728b)  -> (artifact id: '832ff2984117a43c9fb5fd47a07cd9cf') in 0.387529 seconds 
========================================================================
Received Import Request.
  Time since last request: 3.842621 seconds.
  path: Assets/Materials/AracYerMat.mat
  artifactKey: Guid(f367c7bc11634a5a38bacf9beda694f2) Importer(815301076,1909f56bfc062723c751e8b465ee728b)
Start importing Assets/Materials/AracYerMat.mat using Guid(f367c7bc11634a5a38bacf9beda694f2) Importer(815301076,1909f56bfc062723c751e8b465ee728b)  -> (artifact id: 'de8672f85b5517db6b2d7248574ad62c') in 0.019758 seconds 
========================================================================
Received Import Request.
  Time since last request: 0.000025 seconds.
  path: Assets/Materials/Gradient Skybox.mat
  artifactKey: Guid(ba45465a1b3de9940b0d6ccd866fbeed) Importer(815301076,1909f56bfc062723c751e8b465ee728b)
Start importing Assets/Materials/Gradient Skybox.mat using Guid(ba45465a1b3de9940b0d6ccd866fbeed) Importer(815301076,1909f56bfc062723c751e8b465ee728b)  -> (artifact id: '38289361d050e6ab253101798e70029c') in 0.028693 seconds 
========================================================================
Received Import Request.
  Time since last request: 0.000036 seconds.
  path: Assets/Materials/Reticle.mat
  artifactKey: Guid(a782b6bfeae91f648908586787202cec) Importer(815301076,1909f56bfc062723c751e8b465ee728b)
Start importing Assets/Materials/Reticle.mat using Guid(a782b6bfeae91f648908586787202cec) Importer(815301076,1909f56bfc062723c751e8b465ee728b)  -> (artifact id: '5a54beea1ccc7b41fe4fe92f2262a0f4') in 0.300766 seconds 
========================================================================
Received Import Request.
  Time since last request: 18.454468 seconds.
  path: Assets/Fonts/ananda_2/Ananda Black Personal Use.ttf
  artifactKey: Guid(f251e70a1ca6db540b70a9ed7bd69126) Importer(815301076,1909f56bfc062723c751e8b465ee728b)
Start importing Assets/Fonts/ananda_2/Ananda Black Personal Use.ttf using Guid(f251e70a1ca6db540b70a9ed7bd69126) Importer(815301076,1909f56bfc062723c751e8b465ee728b)  -> (artifact id: 'e4324a5d78776163744e5626fe6e8a4e') in 12.595472 seconds 
========================================================================
Received Import Request.
  Time since last request: 0.000046 seconds.
  path: Assets/Fonts/ananda_2/Ananda Personal Use SDF.asset
  artifactKey: Guid(8d9801bb8da37f9409cc6d1a30914917) Importer(815301076,1909f56bfc062723c751e8b465ee728b)
Start importing Assets/Fonts/ananda_2/Ananda Personal Use SDF.asset using Guid(8d9801bb8da37f9409cc6d1a30914917) Importer(815301076,1909f56bfc062723c751e8b465ee728b)  -> (artifact id: '09b4572e8171b144acadf14d1797d209') in 0.083937 seconds 
========================================================================
Received Import Request.
  Time since last request: 0.000050 seconds.
  path: Assets/Samples/XR Interaction Toolkit/2.3.2/Starter Assets/Prefabs/Teleport/Directional Teleport Reticle.prefab
  artifactKey: Guid(893219773891c784ab469a39151879b4) Importer(815301076,1909f56bfc062723c751e8b465ee728b)
Start importing Assets/Samples/XR Interaction Toolkit/2.3.2/Starter Assets/Prefabs/Teleport/Directional Teleport Reticle.prefab using Guid(893219773891c784ab469a39151879b4) Importer(815301076,1909f56bfc062723c751e8b465ee728b)  -> (artifact id: '4eb729e83826605b868d90040fb39a52') in 0.023552 seconds 
========================================================================
Received Import Request.
  Time since last request: 0.000047 seconds.
  path: Assets/Samples/XR Interaction Toolkit/2.3.2/Starter Assets/XRI Default Snap Turn.preset
  artifactKey: Guid(18697d253d848974aa7052cba872c9f0) Importer(815301076,1909f56bfc062723c751e8b465ee728b)
Start importing Assets/Samples/XR Interaction Toolkit/2.3.2/Starter Assets/XRI Default Snap Turn.preset using Guid(18697d253d848974aa7052cba872c9f0) Importer(815301076,1909f56bfc062723c751e8b465ee728b)  -> (artifact id: 'd576f68d1bbc13bd801e6ba936a01fc5') in 0.029976 seconds 
========================================================================
Received Import Request.
  Time since last request: 0.000036 seconds.
  path: Assets/XRI_Examples/Setup/Models/LocomotionTable.fbx
  artifactKey: Guid(e036dba5a6004e84c933fea5c510aa33) Importer(815301076,1909f56bfc062723c751e8b465ee728b)
Start importing Assets/XRI_Examples/Setup/Models/LocomotionTable.fbx using Guid(e036dba5a6004e84c933fea5c510aa33) Importer(815301076,1909f56bfc062723c751e8b465ee728b)  -> (artifact id: '5215e27ca4ba25756f0b7434e2074ae7') in 0.052737 seconds 
========================================================================
Received Import Request.
  Time since last request: 0.000039 seconds.
  path: Assets/Packages/Titanium-Fighter/Texturas/rocketNormalMap.png
  artifactKey: Guid(b1b173b2c07dbc74b8a0883916a47356) Importer(815301076,1909f56bfc062723c751e8b465ee728b)
Start importing Assets/Packages/Titanium-Fighter/Texturas/rocketNormalMap.png using Guid(b1b173b2c07dbc74b8a0883916a47356) Importer(815301076,1909f56bfc062723c751e8b465ee728b)  -> (artifact id: '3194a5bab04b5d099b9b66685408113f') in 0.025159 seconds 
========================================================================
Received Import Request.
  Time since last request: 0.000037 seconds.
  path: Assets/Packages/OutSpace/Unity UI Samples/Textures and Sprites/Lit UI/DiagonalStripes.psd
  artifactKey: Guid(30db500b226a8014e82f9e1e39a78e15) Importer(815301076,1909f56bfc062723c751e8b465ee728b)
Start importing Assets/Packages/OutSpace/Unity UI Samples/Textures and Sprites/Lit UI/DiagonalStripes.psd using Guid(30db500b226a8014e82f9e1e39a78e15) Importer(815301076,1909f56bfc062723c751e8b465ee728b)  -> (artifact id: 'bd9c7d45f007f4b19af1970c2eecb06b') in 0.030261 seconds 
========================================================================
Received Import Request.
  Time since last request: 0.000037 seconds.
  path: Assets/Samples/XR Interaction Toolkit/2.3.2/Starter Assets/XRI Default Input Actions.inputactions
  artifactKey: Guid(c348712bda248c246b8c49b3db54643f) Importer(815301076,1909f56bfc062723c751e8b465ee728b)
Start importing Assets/Samples/XR Interaction Toolkit/2.3.2/Starter Assets/XRI Default Input Actions.inputactions using Guid(c348712bda248c246b8c49b3db54643f) Importer(815301076,1909f56bfc062723c751e8b465ee728b)  -> (artifact id: '8f7b4152be529a3a9ec88eb6958b8f82') in 0.033163 seconds 
========================================================================
Received Import Request.
  Time since last request: 0.000060 seconds.
  path: Assets/Packages/Titanium-Fighter/Texturas/nnave.png
  artifactKey: Guid(e75b4e998f0b70c4c98a286cab890562) Importer(815301076,1909f56bfc062723c751e8b465ee728b)
Start importing Assets/Packages/Titanium-Fighter/Texturas/nnave.png using Guid(e75b4e998f0b70c4c98a286cab890562) Importer(815301076,1909f56bfc062723c751e8b465ee728b)  -> (artifact id: '897691fa65be7d4c4b931ad2320805fc') in 0.017806 seconds 
========================================================================
Received Import Request.
  Time since last request: 0.000031 seconds.
  path: Assets/Samples/XR Interaction Toolkit/2.3.2/Starter Assets/Models/XRControllerRight.fbx
  artifactKey: Guid(11cd62256b1d470f922b2c8e6446cc77) Importer(815301076,1909f56bfc062723c751e8b465ee728b)
Start importing Assets/Samples/XR Interaction Toolkit/2.3.2/Starter Assets/Models/XRControllerRight.fbx using Guid(11cd62256b1d470f922b2c8e6446cc77) Importer(815301076,1909f56bfc062723c751e8b465ee728b)  -> (artifact id: 'c2b147d1b43c083953a9f01bf56d9a0c') in 0.160331 seconds 
========================================================================
Received Import Request.
  Time since last request: 0.000032 seconds.
  path: Assets/Packages/Titanium-Fighter/FBX/Materials/rocketText.mat
  artifactKey: Guid(bc8f6f7400a3cfb4590e06b1558417a4) Importer(815301076,1909f56bfc062723c751e8b465ee728b)
Start importing Assets/Packages/Titanium-Fighter/FBX/Materials/rocketText.mat using Guid(bc8f6f7400a3cfb4590e06b1558417a4) Importer(815301076,1909f56bfc062723c751e8b465ee728b)  -> (artifact id: 'fe99513df4a8b2c1a78a499a32dd70c4') in 0.030132 seconds 
========================================================================
Received Import Request.
  Time since last request: 0.000040 seconds.
  path: Assets/Packages/Titanium-Fighter/Texturas/rocketText.png
  artifactKey: Guid(29942cb71620bb84cb08c317ffa4419e) Importer(815301076,1909f56bfc062723c751e8b465ee728b)
Start importing Assets/Packages/Titanium-Fighter/Texturas/rocketText.png using Guid(29942cb71620bb84cb08c317ffa4419e) Importer(815301076,1909f56bfc062723c751e8b465ee728b)  -> (artifact id: 'd079cf0ba71b524bcb181ba776537cef') in 0.017944 seconds 
========================================================================
Received Import Request.
  Time since last request: 25.337736 seconds.
  path: Assets/Packages/Titanium-Fighter/Texturas/t-fighter_specular.png
  artifactKey: Guid(e782c9c2af2ff7049848ef5f38bd8b6b) Importer(815301076,1909f56bfc062723c751e8b465ee728b)
Start importing Assets/Packages/Titanium-Fighter/Texturas/t-fighter_specular.png using Guid(e782c9c2af2ff7049848ef5f38bd8b6b) Importer(815301076,1909f56bfc062723c751e8b465ee728b)  -> (artifact id: '8e9861987e25647bdf199768fda3f7f6') in 0.015366 seconds 
========================================================================
Received Import Request.
  Time since last request: 5.211928 seconds.
  path: Assets/Packages/Industrial Tanks/Round Tanks/Textures/1K_Round_Tank_TXTR.tif
  artifactKey: Guid(dd24cabf46a47f04aa5600db4e50cc20) Importer(815301076,1909f56bfc062723c751e8b465ee728b)
Start importing Assets/Packages/Industrial Tanks/Round Tanks/Textures/1K_Round_Tank_TXTR.tif using Guid(dd24cabf46a47f04aa5600db4e50cc20) Importer(815301076,1909f56bfc062723c751e8b465ee728b)  -> (artifact id: '4be3d399042fa45c9e888ecca18a5f82') in 0.013630 seconds 
========================================================================
Received Import Request.
  Time since last request: 1.578994 seconds.
  path: Assets/Packages/Industrial Tanks/Round Tanks/Materials/1K_Steps_Pipes_Round_TankTXTR.mat
  artifactKey: Guid(8d88f3bf653305647809447a94ee9fc4) Importer(815301076,1909f56bfc062723c751e8b465ee728b)
Start importing Assets/Packages/Industrial Tanks/Round Tanks/Materials/1K_Steps_Pipes_Round_TankTXTR.mat using Guid(8d88f3bf653305647809447a94ee9fc4) Importer(815301076,1909f56bfc062723c751e8b465ee728b)  -> (artifact id: '890f9d4fedc982ac0a1607de402feffe') in 0.011504 seconds 
========================================================================
Received Import Request.
  Time since last request: 19.699010 seconds.
  path: Assets/XRI_Examples/Props/Animation/TargetRing.playable
  artifactKey: Guid(b8e913ab5803cda41be99c7051792ad8) Importer(815301076,1909f56bfc062723c751e8b465ee728b)
Start importing Assets/XRI_Examples/Props/Animation/TargetRing.playable using Guid(b8e913ab5803cda41be99c7051792ad8) Importer(815301076,1909f56bfc062723c751e8b465ee728b)  -> (artifact id: 'f61b89358e96d6542fb9c363927f65a1') in 0.020317 seconds 
========================================================================
Received Import Request.
  Time since last request: 0.000026 seconds.
  path: Assets/Packages/OutSpace/AHProxy/PlanetShader/DemoScene/Standard Assets/Effects/ImageEffects/Textures/HexShape.psd
  artifactKey: Guid(a4cdca73d61814d33ac1587f6c163bca) Importer(815301076,1909f56bfc062723c751e8b465ee728b)
Start importing Assets/Packages/OutSpace/AHProxy/PlanetShader/DemoScene/Standard Assets/Effects/ImageEffects/Textures/HexShape.psd using Guid(a4cdca73d61814d33ac1587f6c163bca) Importer(815301076,1909f56bfc062723c751e8b465ee728b)  -> (artifact id: '8b91d05252ff797bea35037446d78d91') in 0.025506 seconds 
========================================================================
Received Import Request.
  Time since last request: 0.000032 seconds.
  path: Assets/Plugins/Oculus Hands/Models/l_hand_skeletal_lowres.fbx
  artifactKey: Guid(ca20b3907ff1c794cb89c1ad2cce8282) Importer(815301076,1909f56bfc062723c751e8b465ee728b)
Start importing Assets/Plugins/Oculus Hands/Models/l_hand_skeletal_lowres.fbx using Guid(ca20b3907ff1c794cb89c1ad2cce8282) Importer(815301076,1909f56bfc062723c751e8b465ee728b)  -> (artifact id: 'b7543968b4e4343087c55f3b06a1ef3c') in 0.039414 seconds 
========================================================================
Received Import Request.
  Time since last request: 0.000054 seconds.
  path: Assets/Audio/Kenney Audio/kenney_digital-audio/Audio/phaserDown2.ogg
  artifactKey: Guid(2ca7503747e319240863bbe01529a837) Importer(815301076,1909f56bfc062723c751e8b465ee728b)
Start importing Assets/Audio/Kenney Audio/kenney_digital-audio/Audio/phaserDown2.ogg using Guid(2ca7503747e319240863bbe01529a837) Importer(815301076,1909f56bfc062723c751e8b465ee728b)  -> (artifact id: 'f6baa190205ed255b0251980ef0f188f') in 0.081453 seconds 
========================================================================
Received Import Request.
  Time since last request: 0.000036 seconds.
  path: Assets/Audio/Kenney Audio/kenney_digital-audio/Audio/phaserUp5.ogg
  artifactKey: Guid(ea5f975812b63a94bba91e4842c2854c) Importer(815301076,1909f56bfc062723c751e8b465ee728b)
Start importing Assets/Audio/Kenney Audio/kenney_digital-audio/Audio/phaserUp5.ogg using Guid(ea5f975812b63a94bba91e4842c2854c) Importer(815301076,1909f56bfc062723c751e8b465ee728b)  -> (artifact id: '934401581e9c4a1175e78fd561d4054d') in 0.022046 seconds 
========================================================================
Received Import Request.
  Time since last request: 0.000040 seconds.
  path: Assets/Audio/Kenney Audio/kenney_digital-audio/Audio/phaserUp4.ogg
  artifactKey: Guid(74d7f382a91fe5b4bb7ed87294722a79) Importer(815301076,1909f56bfc062723c751e8b465ee728b)
Start importing Assets/Audio/Kenney Audio/kenney_digital-audio/Audio/phaserUp4.ogg using Guid(74d7f382a91fe5b4bb7ed87294722a79) Importer(815301076,1909f56bfc062723c751e8b465ee728b)  -> (artifact id: '5cfedaf7c8775339d5e3c69359248846') in 0.024826 seconds 
========================================================================
Received Import Request.
  Time since last request: 0.000029 seconds.
  path: Assets/Audio/Kenney Audio/kenney_digital-audio/Audio/phaserUp3.ogg
  artifactKey: Guid(a582d023a08d9ac45be4c889147ab67f) Importer(815301076,1909f56bfc062723c751e8b465ee728b)
Start importing Assets/Audio/Kenney Audio/kenney_digital-audio/Audio/phaserUp3.ogg using Guid(a582d023a08d9ac45be4c889147ab67f) Importer(815301076,1909f56bfc062723c751e8b465ee728b)  -> (artifact id: 'e6767f7f2b05ba64c64d0b8264a7ea42') in 0.025276 seconds 
========================================================================
Received Import Request.
  Time since last request: 0.000044 seconds.
  path: Assets/XRI_Examples/Physics/Models/Door_Locked.fbx
  artifactKey: Guid(f120df6df27fe78429e3c399654024c6) Importer(815301076,1909f56bfc062723c751e8b465ee728b)
Start importing Assets/XRI_Examples/Physics/Models/Door_Locked.fbx using Guid(f120df6df27fe78429e3c399654024c6) Importer(815301076,1909f56bfc062723c751e8b465ee728b)  -> (artifact id: 'f0a0731c582fd6529f4bc0b0f895e34e') in 0.064013 seconds 
========================================================================
Received Import Request.
  Time since last request: 0.000044 seconds.
  path: Assets/Audio/Kenney Audio/kenney_digital-audio/Audio/phaserUp6.ogg
  artifactKey: Guid(2ded8231a93db1647b520b62f83ce1d0) Importer(815301076,1909f56bfc062723c751e8b465ee728b)
Start importing Assets/Audio/Kenney Audio/kenney_digital-audio/Audio/phaserUp6.ogg using Guid(2ded8231a93db1647b520b62f83ce1d0) Importer(815301076,1909f56bfc062723c751e8b465ee728b)  -> (artifact id: 'adb3225a23d0cb8e058bca61ecdd5dce') in 0.027902 seconds 
========================================================================
Received Import Request.
  Time since last request: 0.000029 seconds.
  path: Assets/XR/Settings/OpenXR Package Settings.asset
  artifactKey: Guid(d46af47ef96b00a49825a3c49181afa0) Importer(815301076,1909f56bfc062723c751e8b465ee728b)
Start importing Assets/XR/Settings/OpenXR Package Settings.asset using Guid(d46af47ef96b00a49825a3c49181afa0) Importer(815301076,1909f56bfc062723c751e8b465ee728b)  -> (artifact id: 'b708a10e42670ba6d04db2c629470649') in 0.017130 seconds 
========================================================================
Received Import Request.
  Time since last request: 1.038072 seconds.
  path: Assets/Packages/_DLNK/HeavyMachinery/Prefab/HeavyMachinery.prefab
  artifactKey: Guid(aeb617f191f9a6440b4a6a3598b176cf) Importer(815301076,1909f56bfc062723c751e8b465ee728b)
Start importing Assets/Packages/_DLNK/HeavyMachinery/Prefab/HeavyMachinery.prefab using Guid(aeb617f191f9a6440b4a6a3598b176cf) Importer(815301076,1909f56bfc062723c751e8b465ee728b)  -> (artifact id: '0f06aafda10c4208c9ce4408ad8330d6') in 0.029549 seconds 
========================================================================
Received Import Request.
  Time since last request: 0.000033 seconds.
  path: Assets/Packages/_DLNK/HeavyMachinery/Source/Materials/LightsOn/HeavyMachinery.mat
  artifactKey: Guid(6223da494e25b554780145bcde7958c4) Importer(815301076,1909f56bfc062723c751e8b465ee728b)
Start importing Assets/Packages/_DLNK/HeavyMachinery/Source/Materials/LightsOn/HeavyMachinery.mat using Guid(6223da494e25b554780145bcde7958c4) Importer(815301076,1909f56bfc062723c751e8b465ee728b)  -> (artifact id: '58fa514f8de75c26420da6d16a2abba4') in 0.016930 seconds 
========================================================================
Received Import Request.
  Time since last request: 0.000031 seconds.
  path: Assets/Packages/_DLNK/HeavyMachinery/Source/mesh/HeavyMachinery.FBX
  artifactKey: Guid(27f7c36fea18064489df72917c26aebb) Importer(815301076,1909f56bfc062723c751e8b465ee728b)
Start importing Assets/Packages/_DLNK/HeavyMachinery/Source/mesh/HeavyMachinery.FBX using Guid(27f7c36fea18064489df72917c26aebb) Importer(815301076,1909f56bfc062723c751e8b465ee728b)  -> (artifact id: 'ebc87a4947840421785211db74497fed') in 0.144716 seconds 
========================================================================
Received Import Request.
  Time since last request: 25.371797 seconds.
  path: Assets/Packages/OutSpace/AHProxy/PlanetShader/DemoScene/Textures/Mars/4k_mars_heightmap.png
  artifactKey: Guid(33302a754f53c5b48978e718d0d8e824) Importer(815301076,1909f56bfc062723c751e8b465ee728b)
Start importing Assets/Packages/OutSpace/AHProxy/PlanetShader/DemoScene/Textures/Mars/4k_mars_heightmap.png using Guid(33302a754f53c5b48978e718d0d8e824) Importer(815301076,1909f56bfc062723c751e8b465ee728b)  -> (artifact id: '08eeb6f758157f3e6d9a7a3bd618415b') in 0.037964 seconds 
========================================================================
Received Import Request.
  Time since last request: 0.000035 seconds.
  path: Assets/XRI_Examples/Environment/Materials/CloudSphere.mat
  artifactKey: Guid(d7c6b50ecf0a47546bc8ae61cc2ed0a7) Importer(815301076,1909f56bfc062723c751e8b465ee728b)
Start importing Assets/XRI_Examples/Environment/Materials/CloudSphere.mat using Guid(d7c6b50ecf0a47546bc8ae61cc2ed0a7) Importer(815301076,1909f56bfc062723c751e8b465ee728b)  -> (artifact id: 'b84facdb283ed6f4f11ba57ac792b203') in 0.600763 seconds 
========================================================================
Received Import Request.
  Time since last request: 0.000037 seconds.
  path: Assets/XRI_Examples/ActivateInteractables/Materials/Launcher_Red.mat
  artifactKey: Guid(a63c5d5aa9c5e464bb100b703d130d49) Importer(815301076,1909f56bfc062723c751e8b465ee728b)
Start importing Assets/XRI_Examples/ActivateInteractables/Materials/Launcher_Red.mat using Guid(a63c5d5aa9c5e464bb100b703d130d49) Importer(815301076,1909f56bfc062723c751e8b465ee728b)  -> (artifact id: 'd995c47663b5a5eccb88111f95adf332') in 1.100013 seconds 
========================================================================
Received Import Request.
  Time since last request: 23.009209 seconds.
  path: Assets/SolarPanel/Assets/Materials/PanelMetal.mat
  artifactKey: Guid(26d72d3bbb5f44843a3a280d8ca3a743) Importer(815301076,1909f56bfc062723c751e8b465ee728b)
Start importing Assets/SolarPanel/Assets/Materials/PanelMetal.mat using Guid(26d72d3bbb5f44843a3a280d8ca3a743) Importer(815301076,1909f56bfc062723c751e8b465ee728b)  -> (artifact id: 'e3e9bd55778991478b55b19002c9fd2d') in 0.015615 seconds 
========================================================================
Received Import Request.
  Time since last request: 0.000029 seconds.
  path: Assets/SolarPanel/Assets/Materials/PanelStructureMetalMaterial.mat
  artifactKey: Guid(e44062e0fb6abbf4f85659922a8c24cc) Importer(815301076,1909f56bfc062723c751e8b465ee728b)
Start importing Assets/SolarPanel/Assets/Materials/PanelStructureMetalMaterial.mat using Guid(e44062e0fb6abbf4f85659922a8c24cc) Importer(815301076,1909f56bfc062723c751e8b465ee728b)  -> (artifact id: '18e34c6d2e27b511d3ffdb94809d1861') in 0.018194 seconds 
