Using pre-set license
Built from '2021.3/staging' branch; Version is '2021.3.23f1 (213b516bf396) revision 2177873'; Using compiler version '192829333'; Build Type 'Release'
OS: 'Windows 10  (10.0.19045) 64bit Professional' Language: 'tr' Physical Memory: 24379 MB
BatchMode: 1, IsHumanControllingUs: 0, StartBugReporterOnCrash: 0, Is64bit: 1, IsPro: 1

COMMAND LINE ARGUMENTS:
D:\UnityEditors\2021.3.23f1\Editor\Unity.exe
-adb2
-batchMode
-noUpm
-name
AssetImportWorker2
-projectPath
D:/Projeler/UnityProjects/NasaApp
-logFile
Logs/AssetImportWorker2.log
-srvPort
63327
Successfully changed project path to: D:/Projeler/UnityProjects/NasaApp
D:/Projeler/UnityProjects/NasaApp
[UnityMemory] Configuration Parameters - Can be set up in boot.config
    "memorysetup-bucket-allocator-granularity=16"
    "memorysetup-bucket-allocator-bucket-count=8"
    "memorysetup-bucket-allocator-block-size=33554432"
    "memorysetup-bucket-allocator-block-count=8"
    "memorysetup-main-allocator-block-size=16777216"
    "memorysetup-thread-allocator-block-size=16777216"
    "memorysetup-gfx-main-allocator-block-size=16777216"
    "memorysetup-gfx-thread-allocator-block-size=16777216"
    "memorysetup-cache-allocator-block-size=4194304"
    "memorysetup-typetree-allocator-block-size=2097152"
    "memorysetup-profiler-bucket-allocator-granularity=16"
    "memorysetup-profiler-bucket-allocator-bucket-count=8"
    "memorysetup-profiler-bucket-allocator-block-size=33554432"
    "memorysetup-profiler-bucket-allocator-block-count=8"
    "memorysetup-profiler-allocator-block-size=16777216"
    "memorysetup-profiler-editor-allocator-block-size=1048576"
    "memorysetup-temp-allocator-size-main=16777216"
    "memorysetup-job-temp-allocator-block-size=2097152"
    "memorysetup-job-temp-allocator-block-size-background=1048576"
    "memorysetup-job-temp-allocator-reduction-small-platforms=262144"
    "memorysetup-temp-allocator-size-background-worker=32768"
    "memorysetup-temp-allocator-size-job-worker=262144"
    "memorysetup-temp-allocator-size-preload-manager=33554432"
    "memorysetup-temp-allocator-size-nav-mesh-worker=65536"
    "memorysetup-temp-allocator-size-audio-worker=65536"
    "memorysetup-temp-allocator-size-cloud-worker=32768"
    "memorysetup-temp-allocator-size-gi-baking-worker=262144"
    "memorysetup-temp-allocator-size-gfx=262144"
Player connection [1884] Host "[IP] 192.168.221.1 [Port] 0 [Flags] 2 [Guid] 3305598136 [EditorId] 3305598136 [Version] 1048832 [Id] WindowsEditor(7,DESKTOP-DJS9K49) [Debug] 1 [PackageName] WindowsEditor [ProjectName] Editor" joined multi-casting on [225.0.0.222:54997]...

Player connection [1884] Host "[IP] 192.168.221.1 [Port] 0 [Flags] 2 [Guid] 3305598136 [EditorId] 3305598136 [Version] 1048832 [Id] WindowsEditor(7,DESKTOP-DJS9K49) [Debug] 1 [PackageName] WindowsEditor [ProjectName] Editor" joined alternative multi-casting on [225.0.0.222:34997]...

Refreshing native plugins compatible for Editor in 254.87 ms, found 12 plugins.
Preloading 1 native plugins for Editor in 0.79 ms.
Initialize engine version: 2021.3.23f1 (213b516bf396)
[Subsystems] Discovering subsystems at path D:/UnityEditors/2021.3.23f1/Editor/Data/Resources/UnitySubsystems
[Subsystems] Discovering subsystems at path D:/Projeler/UnityProjects/NasaApp/Assets
GfxDevice: creating device client; threaded=0; jobified=0
Direct3D:
    Version:  Direct3D 11.0 [level 11.1]
    Renderer: NVIDIA GeForce GTX 1050 (ID=0x1c91)
    Vendor:   NVIDIA
    VRAM:     2995 MB
    Driver:   31.0.15.2824
Initialize mono
Mono path[0] = 'D:/UnityEditors/2021.3.23f1/Editor/Data/Managed'
Mono path[1] = 'D:/UnityEditors/2021.3.23f1/Editor/Data/MonoBleedingEdge/lib/mono/unityjit-win32'
Mono config path = 'D:/UnityEditors/2021.3.23f1/Editor/Data/MonoBleedingEdge/etc'
Using monoOptions --debugger-agent=transport=dt_socket,embedding=1,server=y,suspend=n,address=127.0.0.1:56140
Begin MonoManager ReloadAssembly
Registering precompiled unity dll's ...
Register platform support module: D:/UnityEditors/2021.3.23f1/Editor/Data/PlaybackEngines/MacStandaloneSupport/UnityEditor.OSXStandalone.Extensions.dll
Register platform support module: D:/UnityEditors/2021.3.23f1/Editor/Data/PlaybackEngines/AndroidPlayer/UnityEditor.Android.Extensions.dll
Register platform support module: D:/UnityEditors/2021.3.23f1/Editor/Data/PlaybackEngines/WindowsStandaloneSupport/UnityEditor.WindowsStandalone.Extensions.dll
Registered in 0.005799 seconds.
Native extension for WindowsStandalone target not found
Native extension for Android target not found
Android Extension - Scanning For ADB Devices 584 ms
Native extension for OSXStandalone target not found
Refreshing native plugins compatible for Editor in 260.87 ms, found 12 plugins.
Preloading 1 native plugins for Editor in 0.13 ms.
Mono: successfully reloaded assembly
- Completed reload, in  1.868 seconds
Domain Reload Profiling:
	ReloadAssembly (1869ms)
		BeginReloadAssembly (141ms)
			ExecutionOrderSort (0ms)
			DisableScriptedObjects (0ms)
			BackupInstance (0ms)
			ReleaseScriptingObjects (0ms)
			CreateAndSetChildDomain (1ms)
		EndReloadAssembly (1559ms)
			LoadAssemblies (140ms)
			RebuildTransferFunctionScriptingTraits (0ms)
			SetupTypeCache (210ms)
			ReleaseScriptCaches (0ms)
			RebuildScriptCaches (54ms)
			SetupLoadedEditorAssemblies (1217ms)
				LogAssemblyErrors (0ms)
				InitializePlatformSupportModulesInManaged (694ms)
				SetLoadedEditorAssemblies (0ms)
				RefreshPlugins (261ms)
				BeforeProcessingInitializeOnLoad (3ms)
				ProcessInitializeOnLoadAttributes (171ms)
				ProcessInitializeOnLoadMethodAttributes (88ms)
				AfterProcessingInitializeOnLoad (0ms)
				EditorAssembliesLoaded (0ms)
			ExecutionOrderSort2 (0ms)
			AwakeInstancesAfterBackupRestoration (0ms)
Platform modules already initialized, skipping
Registering precompiled user dll's ...
Registered in 0.013938 seconds.
Begin MonoManager ReloadAssembly
Symbol file LoadedFromMemory doesn't match image D:\Projeler\UnityProjects\NasaApp\Library\PackageCache\com.unity.visualscripting@1.8.0\Editor\VisualScripting.Core\Dependencies\DotNetZip\Unity.VisualScripting.IonicZip.dll
Symbol file LoadedFromMemory doesn't match image D:\Projeler\UnityProjects\NasaApp\Library\PackageCache\com.unity.visualscripting@1.8.0\Editor\VisualScripting.Core\Dependencies\YamlDotNet\Unity.VisualScripting.YamlDotNet.dll
Native extension for WindowsStandalone target not found
Native extension for Android target not found
Native extension for OSXStandalone target not found
Refreshing native plugins compatible for Editor in 152.64 ms, found 12 plugins.
Preloading 1 native plugins for Editor in 0.07 ms.
Package Manager log level set to [2]
System.Reflection.TargetInvocationException: Exception has been thrown by the target of an invocation. ---> System.NullReferenceException: Object reference not set to an instance of an object
  at Unity.XR.Oculus.OculusLoader.AssetPathToAbsolutePath (System.String assetPath) [0x00041] in D:\Projeler\UnityProjects\NasaApp\Library\PackageCache\com.unity.xr.oculus@3.3.0\Runtime\OculusLoader.cs:282 
  at Unity.XR.Oculus.OculusLoader.EditorLoadOVRPlugin () [0x000b0] in D:\Projeler\UnityProjects\NasaApp\Library\PackageCache\com.unity.xr.oculus@3.3.0\Runtime\OculusLoader.cs:267 
  at (wrapper managed-to-native) System.Reflection.RuntimeMethodInfo.InternalInvoke(System.Reflection.RuntimeMethodInfo,object,object[],System.Exception&)
  at System.Reflection.RuntimeMethodInfo.Invoke (System.Object obj, System.Reflection.BindingFlags invokeAttr, System.Reflection.Binder binder, System.Object[] parameters, System.Globalization.CultureInfo culture) [0x0006a] in <4a4789deb75f446a81a24a1a00bdd3f9>:0 
   --- End of inner exception stack trace ---
  at System.Reflection.RuntimeMethodInfo.Invoke (System.Object obj, System.Reflection.BindingFlags invokeAttr, System.Reflection.Binder binder, System.Object[] parameters, System.Globalization.CultureInfo culture) [0x00083] in <4a4789deb75f446a81a24a1a00bdd3f9>:0 
  at System.Reflection.MethodBase.Invoke (System.Object obj, System.Object[] parameters) [0x00000] in <4a4789deb75f446a81a24a1a00bdd3f9>:0 
  at UnityEditor.EditorAssemblies.ProcessInitializeOnLoadMethodAttributes () [0x000a5] in <9959c9185b684a4d9d56448296fb9048>:0 
UnityEngine.StackTraceUtility:ExtractStackTrace ()
UnityEngine.DebugLogHandler:LogFormat (UnityEngine.LogType,UnityEngine.Object,string,object[])
UnityEngine.Logger:Log (UnityEngine.LogType,object)
UnityEngine.Debug:LogError (object)
UnityEditor.EditorAssemblies:ProcessInitializeOnLoadMethodAttributes ()

Mono: successfully reloaded assembly
- Completed reload, in  1.948 seconds
Domain Reload Profiling:
	ReloadAssembly (1949ms)
		BeginReloadAssembly (123ms)
			ExecutionOrderSort (0ms)
			DisableScriptedObjects (7ms)
			BackupInstance (0ms)
			ReleaseScriptingObjects (0ms)
			CreateAndSetChildDomain (22ms)
		EndReloadAssembly (1697ms)
			LoadAssemblies (98ms)
			RebuildTransferFunctionScriptingTraits (0ms)
			SetupTypeCache (392ms)
			ReleaseScriptCaches (1ms)
			RebuildScriptCaches (96ms)
			SetupLoadedEditorAssemblies (1049ms)
				LogAssemblyErrors (0ms)
				InitializePlatformSupportModulesInManaged (19ms)
				SetLoadedEditorAssemblies (0ms)
				RefreshPlugins (153ms)
				BeforeProcessingInitializeOnLoad (154ms)
				ProcessInitializeOnLoadAttributes (610ms)
				ProcessInitializeOnLoadMethodAttributes (109ms)
				AfterProcessingInitializeOnLoad (3ms)
				EditorAssembliesLoaded (0ms)
			ExecutionOrderSort2 (0ms)
			AwakeInstancesAfterBackupRestoration (7ms)
Platform modules already initialized, skipping
========================================================================
Worker process is ready to serve import requests
Launched and connected shader compiler UnityShaderCompiler.exe after 0.09 seconds
Refreshing native plugins compatible for Editor in 1.77 ms, found 12 plugins.
Preloading 1 native plugins for Editor in 0.08 ms.
Unloading 5927 Unused Serialized files (Serialized files now loaded: 0)
Unloading 56 unused Assets / (350.5 KB). Loaded Objects now: 6417.
Memory consumption went from 253.8 MB to 253.5 MB.
Total: 5.449800 ms (FindLiveObjects: 0.586000 ms CreateObjectMapping: 0.613000 ms MarkObjects: 4.039700 ms  DeleteObjects: 0.210200 ms)

AssetImportParameters requested are different than current active one (requested -> active):
  custom:video-decoder-ogg-theora: a1e56fd34408186e4bbccfd4996cb3dc -> 
  custom:container-muxer-webm: aa71ff27fc2769a1b78a27578f13a17b -> 
  custom:container-demuxer-webm: 4f35f7cbe854078d1ac9338744f61a02 -> 
  custom:video-encoder-webm-vp8: eb34c28f22e8b96e1ab97ce403110664 -> 
  custom:audio-encoder-webm-vorbis: bf7c407c2cedff20999df2af8eb42d56 -> 
  custom:framework-win-MediaFoundation: 216162199b28c13a410421893ffa2e32 -> 
  custom:container-demuxer-ogg: 62fdf1f143b41e24485cea50d1cbac27 -> 
  custom:video-decoder-webm-vp8: 9c59270c3fd7afecdb556c50c9e8de78 -> 
  custom:audio-decoder-ogg-vorbis: bf7c407c2cedff20999df2af8eb42d56 -> 
========================================================================
Received Import Request.
  Time since last request: 71101.987877 seconds.
  path: Assets/Fonts/ananda_2/Ananda.png
  artifactKey: Guid(66c381fa7950fa34f8b42b7d571c5eae) Importer(815301076,1909f56bfc062723c751e8b465ee728b)
Start importing Assets/Fonts/ananda_2/Ananda.png using Guid(66c381fa7950fa34f8b42b7d571c5eae) Importer(815301076,1909f56bfc062723c751e8b465ee728b)  -> (artifact id: 'd08f5da8e32cf5cfe427b136c6d1d6d9') in 16.353807 seconds 
========================================================================
Received Import Request.
  Time since last request: 0.000044 seconds.
  path: Assets/Packages/Titanium-Fighter/FBX/Materials/naveText.mat
  artifactKey: Guid(1d4d775ddbf88414db3d2916769bd9d8) Importer(815301076,1909f56bfc062723c751e8b465ee728b)
Start importing Assets/Packages/Titanium-Fighter/FBX/Materials/naveText.mat using Guid(1d4d775ddbf88414db3d2916769bd9d8) Importer(815301076,1909f56bfc062723c751e8b465ee728b)  -> (artifact id: '2315c49389c8f78b8e7dbcab0e4d6d10') in 0.477980 seconds 
========================================================================
Received Import Request.
  Time since last request: 17.116294 seconds.
  path: Assets/Packages/Titanium-Fighter/FBX/titaniun-fighter.fbx
  artifactKey: Guid(868faced72f26054b93a494b217ff003) Importer(815301076,1909f56bfc062723c751e8b465ee728b)
Start importing Assets/Packages/Titanium-Fighter/FBX/titaniun-fighter.fbx using Guid(868faced72f26054b93a494b217ff003) Importer(815301076,1909f56bfc062723c751e8b465ee728b)  -> (artifact id: '29885bb1797dd4e2b7e84ec0005b4d43') in 0.146250 seconds 
========================================================================
Received Import Request.
  Time since last request: 6.547588 seconds.
  path: Assets/Packages/Titanium-Fighter/Prefab
  artifactKey: Guid(77b390cdb0df7c6d48aa62e46316ca9d) Importer(815301076,1909f56bfc062723c751e8b465ee728b)
Start importing Assets/Packages/Titanium-Fighter/Prefab using Guid(77b390cdb0df7c6d48aa62e46316ca9d) Importer(815301076,1909f56bfc062723c751e8b465ee728b)  -> (artifact id: 'f07175cf4fc4e5d0ecfd2b724bd3ca68') in 0.006343 seconds 
========================================================================
Received Import Request.
  Time since last request: 0.040108 seconds.
  path: Assets/Packages/Titanium-Fighter/Prefab/titaniun-fighter.prefab
  artifactKey: Guid(c9d60ead5e7e40141a3fb1ab9b18907c) Importer(815301076,1909f56bfc062723c751e8b465ee728b)
Start importing Assets/Packages/Titanium-Fighter/Prefab/titaniun-fighter.prefab using Guid(c9d60ead5e7e40141a3fb1ab9b18907c) Importer(815301076,1909f56bfc062723c751e8b465ee728b)  -> (artifact id: '4981a3289b3bae8012d0f4edff94680e') in 0.035042 seconds 
========================================================================
Received Import Request.
  Time since last request: 1.364008 seconds.
  path: Assets/Packages/Titanium-Fighter/Texturas
  artifactKey: Guid(f660c91701bef39b2a1f4c57bd3e818f) Importer(815301076,1909f56bfc062723c751e8b465ee728b)
Start importing Assets/Packages/Titanium-Fighter/Texturas using Guid(f660c91701bef39b2a1f4c57bd3e818f) Importer(815301076,1909f56bfc062723c751e8b465ee728b)  -> (artifact id: '8f2dad776fe2519145a34aed8af5e8cc') in 0.006796 seconds 
========================================================================
Received Import Request.
  Time since last request: 0.047960 seconds.
  path: Assets/Packages/Titanium-Fighter/Texturas/t-fighter_normalMap.png
  artifactKey: Guid(c5f3acae411702f42950aa7afeada53f) Importer(815301076,1909f56bfc062723c751e8b465ee728b)
Start importing Assets/Packages/Titanium-Fighter/Texturas/t-fighter_normalMap.png using Guid(c5f3acae411702f42950aa7afeada53f) Importer(815301076,1909f56bfc062723c751e8b465ee728b)  -> (artifact id: '3f50ddf685e7bfaed4d1df968d9bc858') in 0.018335 seconds 
========================================================================
Received Import Request.
  Time since last request: 2.030833 seconds.
  path: Assets/Packages/Industrial Tanks
  artifactKey: Guid(73195cd2283ac5012b3cd2d19fddb267) Importer(815301076,1909f56bfc062723c751e8b465ee728b)
Start importing Assets/Packages/Industrial Tanks using Guid(73195cd2283ac5012b3cd2d19fddb267) Importer(815301076,1909f56bfc062723c751e8b465ee728b)  -> (artifact id: '6001806aaba5bfef155b0204b40bf69a') in 0.006222 seconds 
========================================================================
Received Import Request.
  Time since last request: 0.775969 seconds.
  path: Assets/Packages/Industrial Tanks/Round Tanks
  artifactKey: Guid(80fe5e55ad98005cab8cbc9b7f43fbc3) Importer(815301076,1909f56bfc062723c751e8b465ee728b)
Start importing Assets/Packages/Industrial Tanks/Round Tanks using Guid(80fe5e55ad98005cab8cbc9b7f43fbc3) Importer(815301076,1909f56bfc062723c751e8b465ee728b)  -> (artifact id: 'e36743c417805fdcbdb4e09bc56d2732') in 0.005660 seconds 
========================================================================
Received Import Request.
  Time since last request: 0.852709 seconds.
  path: Assets/Packages/Industrial Tanks/Round Tanks/Round_tanks.fbx
  artifactKey: Guid(669c20f84053e7241a08f7dfd0c712e0) Importer(815301076,1909f56bfc062723c751e8b465ee728b)
Start importing Assets/Packages/Industrial Tanks/Round Tanks/Round_tanks.fbx using Guid(669c20f84053e7241a08f7dfd0c712e0) Importer(815301076,1909f56bfc062723c751e8b465ee728b)  -> (artifact id: '84f4a07df9eeb0ecb54d825c6bf88f12') in 0.267280 seconds 
========================================================================
Received Import Request.
  Time since last request: 1.186594 seconds.
  path: Assets/Packages/Industrial Tanks/Round Tanks/Textures
  artifactKey: Guid(9eb73b3267a3fac149163488f7ec8953) Importer(815301076,1909f56bfc062723c751e8b465ee728b)
Start importing Assets/Packages/Industrial Tanks/Round Tanks/Textures using Guid(9eb73b3267a3fac149163488f7ec8953) Importer(815301076,1909f56bfc062723c751e8b465ee728b)  -> (artifact id: 'bf00041d116aa1db82d55b2315a2f0f2') in 0.007136 seconds 
========================================================================
Received Import Request.
  Time since last request: 0.043877 seconds.
  path: Assets/Packages/Industrial Tanks/Round Tanks/Textures/1K_Round_Tank-NM.tif
  artifactKey: Guid(c8fcaa04250573e418deb876e9740f3c) Importer(815301076,1909f56bfc062723c751e8b465ee728b)
Start importing Assets/Packages/Industrial Tanks/Round Tanks/Textures/1K_Round_Tank-NM.tif using Guid(c8fcaa04250573e418deb876e9740f3c) Importer(815301076,1909f56bfc062723c751e8b465ee728b)  -> (artifact id: '2432ee4311c79aa7bc4bce6b08a722f0') in 0.023281 seconds 
========================================================================
Received Import Request.
  Time since last request: 1.515774 seconds.
  path: Assets/Packages/Industrial Tanks/Round Tanks/Materials
  artifactKey: Guid(7c108564f8e17d787989eb06bb00365a) Importer(815301076,1909f56bfc062723c751e8b465ee728b)
Start importing Assets/Packages/Industrial Tanks/Round Tanks/Materials using Guid(7c108564f8e17d787989eb06bb00365a) Importer(815301076,1909f56bfc062723c751e8b465ee728b)  -> (artifact id: 'd4b7bbedac614433dadac70cc8b5d8b7') in 0.006558 seconds 
========================================================================
Received Import Request.
  Time since last request: 0.038030 seconds.
  path: Assets/Packages/Industrial Tanks/Round Tanks/Materials/1K_Round_Tank_TXTR.mat
  artifactKey: Guid(eba8acf0e914e46408ce3d11d5a7fa01) Importer(815301076,1909f56bfc062723c751e8b465ee728b)
Start importing Assets/Packages/Industrial Tanks/Round Tanks/Materials/1K_Round_Tank_TXTR.mat using Guid(eba8acf0e914e46408ce3d11d5a7fa01) Importer(815301076,1909f56bfc062723c751e8b465ee728b)  -> (artifact id: '756ccda7044fc2ff0b219b9daace9e8b') in 0.012136 seconds 
========================================================================
Received Import Request.
  Time since last request: 19.698921 seconds.
  path: Assets/Packages/OutSpace/AHProxy/PlanetShader/DemoScene/Textures/Saturn/2k_saturn_ring_alpha.png
  artifactKey: Guid(15ed8f382b5a3d442a0e42d26aaefa5a) Importer(815301076,1909f56bfc062723c751e8b465ee728b)
Start importing Assets/Packages/OutSpace/AHProxy/PlanetShader/DemoScene/Textures/Saturn/2k_saturn_ring_alpha.png using Guid(15ed8f382b5a3d442a0e42d26aaefa5a) Importer(815301076,1909f56bfc062723c751e8b465ee728b)  -> (artifact id: '1ccc8b179141143e4c1200b1e4cb0537') in 0.056160 seconds 
========================================================================
Received Import Request.
  Time since last request: 0.000033 seconds.
  path: Assets/Audio/Kenney Audio/kenney_digital-audio/Audio/phaseJump5.ogg
  artifactKey: Guid(98fe09ee1f4cf2f45a9f63d0d2469294) Importer(815301076,1909f56bfc062723c751e8b465ee728b)
Start importing Assets/Audio/Kenney Audio/kenney_digital-audio/Audio/phaseJump5.ogg using Guid(98fe09ee1f4cf2f45a9f63d0d2469294) Importer(815301076,1909f56bfc062723c751e8b465ee728b)  -> (artifact id: '8b48b90b7e6d498808d1484fa5b6ab75') in 0.077533 seconds 
========================================================================
Received Import Request.
  Time since last request: 0.000045 seconds.
  path: Assets/Audio/Kenney Audio/kenney_digital-audio/Audio/phaserDown3.ogg
  artifactKey: Guid(2d4d71a975b54844e8db9d1977da7fa9) Importer(815301076,1909f56bfc062723c751e8b465ee728b)
Start importing Assets/Audio/Kenney Audio/kenney_digital-audio/Audio/phaserDown3.ogg using Guid(2d4d71a975b54844e8db9d1977da7fa9) Importer(815301076,1909f56bfc062723c751e8b465ee728b)  -> (artifact id: 'ad54bd4c101afe3df61b51e927ad3383') in 0.024159 seconds 
========================================================================
Received Import Request.
  Time since last request: 0.000029 seconds.
  path: Assets/Plugins/Oculus Hands/Animations/l_hand_fist_anim.fbx
  artifactKey: Guid(7cb2e1480bb51ce4282f540ea3f41d4f) Importer(815301076,1909f56bfc062723c751e8b465ee728b)
Start importing Assets/Plugins/Oculus Hands/Animations/l_hand_fist_anim.fbx using Guid(7cb2e1480bb51ce4282f540ea3f41d4f) Importer(815301076,1909f56bfc062723c751e8b465ee728b)  -> (artifact id: '60133a02eae53f0d7c08a772f5760f53') in 0.012639 seconds 
========================================================================
Received Import Request.
  Time since last request: 0.000027 seconds.
  path: Assets/Plugins/Oculus Hands/Prefabs/Left Hand Model.prefab
  artifactKey: Guid(65847589f926b734d9eaed6e25f0046b) Importer(815301076,1909f56bfc062723c751e8b465ee728b)
Start importing Assets/Plugins/Oculus Hands/Prefabs/Left Hand Model.prefab using Guid(65847589f926b734d9eaed6e25f0046b) Importer(815301076,1909f56bfc062723c751e8b465ee728b)  -> (artifact id: '7b2acfb2e58398088bb47e1028d995a0') in 0.041189 seconds 
========================================================================
Received Import Request.
  Time since last request: 0.000030 seconds.
  path: Assets/Plugins/TextMesh Pro/Resources/Fonts & Materials/LiberationSans SDF - Drop Shadow.mat
  artifactKey: Guid(e73a58f6e2794ae7b1b7e50b7fb811b0) Importer(815301076,1909f56bfc062723c751e8b465ee728b)
Start importing Assets/Plugins/TextMesh Pro/Resources/Fonts & Materials/LiberationSans SDF - Drop Shadow.mat using Guid(e73a58f6e2794ae7b1b7e50b7fb811b0) Importer(815301076,1909f56bfc062723c751e8b465ee728b)  -> (artifact id: '3a0cca7a3e95f604d49889a398cc9fd6') in 0.163036 seconds 
========================================================================
Received Import Request.
  Time since last request: 0.000031 seconds.
  path: Assets/Plugins/Oculus Hands/Animations/l_hand_pinch_anim.fbx
  artifactKey: Guid(a91ff20f7450bf446a6bf0bfb5e932ae) Importer(815301076,1909f56bfc062723c751e8b465ee728b)
Start importing Assets/Plugins/Oculus Hands/Animations/l_hand_pinch_anim.fbx using Guid(a91ff20f7450bf446a6bf0bfb5e932ae) Importer(815301076,1909f56bfc062723c751e8b465ee728b)  -> (artifact id: '0d66090183d19f5538898b1951650c62') in 0.014353 seconds 
========================================================================
Received Import Request.
  Time since last request: 1.042920 seconds.
  path: Assets/Packages/_DLNK/HeavyMachinery/Source/textures/heavyMachine_lights2.jpg
  artifactKey: Guid(5491855ac125d7342a4bb8c1cdc78150) Importer(815301076,1909f56bfc062723c751e8b465ee728b)
Start importing Assets/Packages/_DLNK/HeavyMachinery/Source/textures/heavyMachine_lights2.jpg using Guid(5491855ac125d7342a4bb8c1cdc78150) Importer(815301076,1909f56bfc062723c751e8b465ee728b)  -> (artifact id: 'd5b7abc03bd153c2a0e4febe75ec7be2') in 0.021502 seconds 
========================================================================
Received Import Request.
  Time since last request: 0.000036 seconds.
  path: Assets/Packages/_DLNK/HeavyMachinery/Source/Materials/LightsOff/HeavyMachinery 1.mat
  artifactKey: Guid(d6088e5929138a8499e8df7c515d4e1a) Importer(815301076,1909f56bfc062723c751e8b465ee728b)
Start importing Assets/Packages/_DLNK/HeavyMachinery/Source/Materials/LightsOff/HeavyMachinery 1.mat using Guid(d6088e5929138a8499e8df7c515d4e1a) Importer(815301076,1909f56bfc062723c751e8b465ee728b)  -> (artifact id: '11711f282facce70719c607165859da7') in 0.034075 seconds 
========================================================================
Received Import Request.
  Time since last request: 12.134646 seconds.
  path: Assets/Packages/_DLNK/HeavyMachinery/Source/Materials/Light.mat
  artifactKey: Guid(d242ea4211d6c2e4d91e037a483e65ca) Importer(815301076,1909f56bfc062723c751e8b465ee728b)
Start importing Assets/Packages/_DLNK/HeavyMachinery/Source/Materials/Light.mat using Guid(d242ea4211d6c2e4d91e037a483e65ca) Importer(815301076,1909f56bfc062723c751e8b465ee728b)  -> (artifact id: '60a2e9075eaf1aeedff8d28405ecc14e') in 0.012795 seconds 
========================================================================
Received Import Request.
  Time since last request: 13.362488 seconds.
  path: Assets/Packages/OutSpace/AHProxy/PlanetShader/DemoScene/Textures/Earth/4k_earth_heightmap.png
  artifactKey: Guid(5e0a897a24c87e240aa4c50719175048) Importer(815301076,1909f56bfc062723c751e8b465ee728b)
Start importing Assets/Packages/OutSpace/AHProxy/PlanetShader/DemoScene/Textures/Earth/4k_earth_heightmap.png using Guid(5e0a897a24c87e240aa4c50719175048) Importer(815301076,1909f56bfc062723c751e8b465ee728b)  -> (artifact id: '14a0ac93728caed2a2ebb395eac659bd') in 0.038755 seconds 
========================================================================
Received Import Request.
  Time since last request: 0.000025 seconds.
  path: Assets/Plugins/TextMesh Pro/Resources/Style Sheets/Default Style Sheet.asset
  artifactKey: Guid(f952c082cb03451daed3ee968ac6c63e) Importer(815301076,1909f56bfc062723c751e8b465ee728b)
Start importing Assets/Plugins/TextMesh Pro/Resources/Style Sheets/Default Style Sheet.asset using Guid(f952c082cb03451daed3ee968ac6c63e) Importer(815301076,1909f56bfc062723c751e8b465ee728b)  -> (artifact id: '4644d23dfe9f70ad6b566f56b24a74f5') in 0.011841 seconds 
========================================================================
Received Import Request.
  Time since last request: 0.000048 seconds.
  path: Assets/XRI_Examples/ActivateInteractables/Prefabs/Launcher2H.prefab
  artifactKey: Guid(f26c6e321b50489479b8ce05321a9ece) Importer(815301076,1909f56bfc062723c751e8b465ee728b)
Start importing Assets/XRI_Examples/ActivateInteractables/Prefabs/Launcher2H.prefab using Guid(f26c6e321b50489479b8ce05321a9ece) Importer(815301076,1909f56bfc062723c751e8b465ee728b)  -> (artifact id: '6318cf568011eb36c41a27e4f010c775') in 0.142967 seconds 
========================================================================
Received Import Request.
  Time since last request: 0.000059 seconds.
  path: Assets/XRI_Examples/ActivateInteractables/Models/Launcher.fbx
  artifactKey: Guid(a013995b2ae21e544bcc487400f8dbd2) Importer(815301076,1909f56bfc062723c751e8b465ee728b)
Start importing Assets/XRI_Examples/ActivateInteractables/Models/Launcher.fbx using Guid(a013995b2ae21e544bcc487400f8dbd2) Importer(815301076,1909f56bfc062723c751e8b465ee728b)  -> (artifact id: 'd1cecf5465ddbb11dfc21432fb571f06') in 0.115304 seconds 
========================================================================
Received Import Request.
  Time since last request: 0.000049 seconds.
  path: Assets/XRI_Examples/ActivateInteractables/Materials/Launcher_FlatBlack.mat
  artifactKey: Guid(b4af429aa09426941a5bf35e1b3fb29c) Importer(815301076,1909f56bfc062723c751e8b465ee728b)
Start importing Assets/XRI_Examples/ActivateInteractables/Materials/Launcher_FlatBlack.mat using Guid(b4af429aa09426941a5bf35e1b3fb29c) Importer(815301076,1909f56bfc062723c751e8b465ee728b)  -> (artifact id: '81523613e6451454af88c249cacf6ea1') in 0.029682 seconds 
========================================================================
Received Import Request.
  Time since last request: 0.000028 seconds.
  path: Assets/XRI_Examples/ActivateInteractables/Materials/Launcher_Red_2H.mat
  artifactKey: Guid(6b0924bea97d6bc42b36b8176ad3f272) Importer(815301076,1909f56bfc062723c751e8b465ee728b)
Start importing Assets/XRI_Examples/ActivateInteractables/Materials/Launcher_Red_2H.mat using Guid(6b0924bea97d6bc42b36b8176ad3f272) Importer(815301076,1909f56bfc062723c751e8b465ee728b)  -> (artifact id: '04bc7e9822b24e6fdbad85144cff8979') in 0.022217 seconds 
========================================================================
Received Import Request.
  Time since last request: 0.000030 seconds.
  path: Assets/XRI_Examples/ActivateInteractables/Materials/Launcher_FlatBlack_2H.mat
  artifactKey: Guid(9075516dd4338ef4281ab9868ec5d19a) Importer(815301076,1909f56bfc062723c751e8b465ee728b)
Start importing Assets/XRI_Examples/ActivateInteractables/Materials/Launcher_FlatBlack_2H.mat using Guid(9075516dd4338ef4281ab9868ec5d19a) Importer(815301076,1909f56bfc062723c751e8b465ee728b)  -> (artifact id: 'be9ff6b1d6f2f25356228f4c004924c6') in 0.017701 seconds 
========================================================================
Received Import Request.
  Time since last request: 0.000032 seconds.
  path: Assets/XRI_Examples/ActivateInteractables/Materials/Launcher_Blue_2H.mat
  artifactKey: Guid(1c67dbb64e675e440abdaa545eb6f002) Importer(815301076,1909f56bfc062723c751e8b465ee728b)
Start importing Assets/XRI_Examples/ActivateInteractables/Materials/Launcher_Blue_2H.mat using Guid(1c67dbb64e675e440abdaa545eb6f002) Importer(815301076,1909f56bfc062723c751e8b465ee728b)  -> (artifact id: '5d8da27d1276801ca428158b744eaa6b') in 0.020636 seconds 
========================================================================
Received Import Request.
  Time since last request: 0.000051 seconds.
  path: Assets/XRI_Examples/ActivateInteractables/Materials/Launcher_White.mat
  artifactKey: Guid(cc8cb1f8c5901d443b52bb4bbef41e52) Importer(815301076,1909f56bfc062723c751e8b465ee728b)
Start importing Assets/XRI_Examples/ActivateInteractables/Materials/Launcher_White.mat using Guid(cc8cb1f8c5901d443b52bb4bbef41e52) Importer(815301076,1909f56bfc062723c751e8b465ee728b)  -> (artifact id: '2a289c8d582631ff24c4723284a28467') in 0.031187 seconds 
========================================================================
Received Import Request.
  Time since last request: 0.000039 seconds.
  path: Assets/XRI_Examples/Environment/Prefabs/CloudSphere.prefab
  artifactKey: Guid(b3e0338bd03be3049b475c1effde0feb) Importer(815301076,1909f56bfc062723c751e8b465ee728b)
Start importing Assets/XRI_Examples/Environment/Prefabs/CloudSphere.prefab using Guid(b3e0338bd03be3049b475c1effde0feb) Importer(815301076,1909f56bfc062723c751e8b465ee728b)  -> (artifact id: '8c278a5e474879aa031e8924f4aa159b') in 0.040436 seconds 
========================================================================
Received Import Request.
  Time since last request: 0.000036 seconds.
  path: Assets/XRI_Examples/ActivateInteractables/Prefabs/Launcher.prefab
  artifactKey: Guid(796d4ee7f4cf3ec46877a335d40d6296) Importer(815301076,1909f56bfc062723c751e8b465ee728b)
Start importing Assets/XRI_Examples/ActivateInteractables/Prefabs/Launcher.prefab using Guid(796d4ee7f4cf3ec46877a335d40d6296) Importer(815301076,1909f56bfc062723c751e8b465ee728b)  -> (artifact id: '4093a2a1b8106507d0cd452753fa1777') in 0.062531 seconds 
========================================================================
Received Import Request.
  Time since last request: 0.000082 seconds.
  path: Assets/Packages/OutSpace/AHProxy/PlanetShader/DemoScene/Textures/Venus/4k_venus_atmosphere.png
  artifactKey: Guid(e8db153baaacf3c4fb9f8873a4081651) Importer(815301076,1909f56bfc062723c751e8b465ee728b)
Start importing Assets/Packages/OutSpace/AHProxy/PlanetShader/DemoScene/Textures/Venus/4k_venus_atmosphere.png using Guid(e8db153baaacf3c4fb9f8873a4081651) Importer(815301076,1909f56bfc062723c751e8b465ee728b)  -> (artifact id: 'ab9a9301920c1cf59184b4879408a3ed') in 0.038375 seconds 
========================================================================
Received Import Request.
  Time since last request: 0.000031 seconds.
  path: Assets/XRI_Examples/ActivateInteractables/Models/Launcher_02.fbx
  artifactKey: Guid(54db8f2156cbca84b91d14bbfaa76071) Importer(815301076,1909f56bfc062723c751e8b465ee728b)
Start importing Assets/XRI_Examples/ActivateInteractables/Models/Launcher_02.fbx using Guid(54db8f2156cbca84b91d14bbfaa76071) Importer(815301076,1909f56bfc062723c751e8b465ee728b)  -> (artifact id: '318f673a4efdd66ba38b39c9f702f506') in 0.108139 seconds 
========================================================================
Received Import Request.
  Time since last request: 0.000033 seconds.
  path: Assets/XRI_Examples/ActivateInteractables/Textures/Launcher_AO.png
  artifactKey: Guid(935a2a50124c4ce458bf86ac6e6db1f4) Importer(815301076,1909f56bfc062723c751e8b465ee728b)
Start importing Assets/XRI_Examples/ActivateInteractables/Textures/Launcher_AO.png using Guid(935a2a50124c4ce458bf86ac6e6db1f4) Importer(815301076,1909f56bfc062723c751e8b465ee728b)  -> (artifact id: '8d5413ce75182c43f7d6fa7a66adc479') in 0.018812 seconds 
========================================================================
Received Import Request.
  Time since last request: 0.000036 seconds.
  path: Assets/XRI_Examples/Environment/Textures/CloudSphere.exr
  artifactKey: Guid(59de2e6ba1b41e842b9e0df9c7ef2857) Importer(815301076,1909f56bfc062723c751e8b465ee728b)
Start importing Assets/XRI_Examples/Environment/Textures/CloudSphere.exr using Guid(59de2e6ba1b41e842b9e0df9c7ef2857) Importer(815301076,1909f56bfc062723c751e8b465ee728b)  -> (artifact id: 'ca2c53c96fcb7020a4f6dbdcf1527750') in 0.030008 seconds 
========================================================================
Received Import Request.
  Time since last request: 0.000069 seconds.
  path: Assets/XRI_Examples/ActivateInteractables/Materials/Launcher_White_2H.mat
  artifactKey: Guid(f6046f8119412604eb097f4412a4a99e) Importer(815301076,1909f56bfc062723c751e8b465ee728b)
Start importing Assets/XRI_Examples/ActivateInteractables/Materials/Launcher_White_2H.mat using Guid(f6046f8119412604eb097f4412a4a99e) Importer(815301076,1909f56bfc062723c751e8b465ee728b)  -> (artifact id: 'bd404db79937e8ddb48ce2c5ed83fa1a') in 0.018970 seconds 
========================================================================
Received Import Request.
  Time since last request: 23.826527 seconds.
  path: Assets/SolarPanel/Assets/Materials/Panel.mat
  artifactKey: Guid(86d7bdea95d95804db97f354894a8f8d) Importer(815301076,1909f56bfc062723c751e8b465ee728b)
Start importing Assets/SolarPanel/Assets/Materials/Panel.mat using Guid(86d7bdea95d95804db97f354894a8f8d) Importer(815301076,1909f56bfc062723c751e8b465ee728b)  -> (artifact id: '7f142fdad77f82f6856c6f3434fee234') in 0.020910 seconds 
========================================================================
Received Import Request.
  Time since last request: 2.975584 seconds.
  path: Assets/SolarPanel/Assets/Materials/RailMetalMaterial.mat
  artifactKey: Guid(95dd0bdd4b94f4943ac983a4b2f6c78d) Importer(815301076,1909f56bfc062723c751e8b465ee728b)
Start importing Assets/SolarPanel/Assets/Materials/RailMetalMaterial.mat using Guid(95dd0bdd4b94f4943ac983a4b2f6c78d) Importer(815301076,1909f56bfc062723c751e8b465ee728b)  -> (artifact id: '80c81153d4b52589e6a901ca30f27560') in 0.018693 seconds 
